#
# There is insufficient memory for the Java Runtime Environment to continue.
# Native memory allocation (mmap) failed to map 65536 bytes for Failed to commit metaspace.
# Possible reasons:
#   The system is out of physical RAM or swap space
#   The process is running with CompressedOops enabled, and the Java Heap may be blocking the growth of the native heap
# Possible solutions:
#   Reduce memory load on the system
#   Increase physical memory or swap space
#   Check if swap backing store is full
#   Decrease Java heap size (-Xmx/-Xms)
#   Decrease number of Java threads
#   Decrease Java thread stack sizes (-Xss)
#   Set larger code cache with -XX:ReservedCodeCacheSize=
#   JVM is running with Unscaled Compressed Oops mode in which the Java heap is
#     placed in the first 4GB address space. The Java Heap base address is the
#     maximum limit for the native heap growth. Please use -XX:HeapBaseMinAddress
#     to set the Java Heap base and to place the Java Heap above 4GB virtual address.
# This output file may be truncated or incomplete.
#
#  Out of Memory Error (virtualSpaceNode.cpp:110), pid=25784, tid=24664
#
# JRE version: Java(TM) SE Runtime Environment (18.0.2+9) (build 18.0.2+9-61)
# Java VM: Java HotSpot(TM) 64-Bit Server VM (18.0.2+9-61, mixed mode, sharing, tiered, compressed oops, compressed class ptrs, g1 gc, windows-amd64)
# No core dump will be written. Minidumps are not enabled by default on client versions of Windows
#

---------------  S U M M A R Y ------------

Command Line: -Dfile.encoding=UTF-8 --module-path=D:\UMS\University Management System\build\classes university.management.system.ExaminationDetails

Host: AMD Ryzen 3 5300U with Radeon Graphics         , 8 cores, 7G,  Windows 11 , 64 bit Build 22621 (10.0.22621.1344)
Time: Wed Mar 15 01:50:17 2023 India Standard Time elapsed time: 0.103519 seconds (0d 0h 0m 0s)

---------------  T H R E A D  ---------------

Current thread (0x000001e6b900b3c0):  JavaThread "C1 CompilerThread0" daemon [_thread_in_vm, id=24664, stack(0x0000002fb5300000,0x0000002fb5400000)]


Current CompileTask:
C1:    103  242       3       java.lang.Class::getPackageName (81 bytes)

Stack: [0x0000002fb5300000,0x0000002fb5400000]
Native frames: (J=compiled Java code, j=interpreted, Vv=VM code, C=native code)
V  [jvm.dll+0x6993ca]
V  [jvm.dll+0x7f481d]
V  [jvm.dll+0x7f612e]
V  [jvm.dll+0x7f67e3]
V  [jvm.dll+0x25cdaf]
V  [jvm.dll+0x7f052b]
V  [jvm.dll+0x63f546]
V  [jvm.dll+0x63f5aa]
V  [jvm.dll+0x641e2e]
V  [jvm.dll+0x641cee]
V  [jvm.dll+0x63ff0e]
V  [jvm.dll+0x65186a]
V  [jvm.dll+0x64a75a]
V  [jvm.dll+0x1e48f0]
V  [jvm.dll+0x1e4ad6]
V  [jvm.dll+0x15b071]
V  [jvm.dll+0x15aeb5]
V  [jvm.dll+0x1527e6]
V  [jvm.dll+0x154d89]
V  [jvm.dll+0x153074]
V  [jvm.dll+0x15b98d]
V  [jvm.dll+0x15aeb5]
V  [jvm.dll+0x1527e6]
V  [jvm.dll+0x154d89]
V  [jvm.dll+0x153074]
V  [jvm.dll+0x14ce26]
V  [jvm.dll+0x15ca96]
V  [jvm.dll+0x1484e0]
V  [jvm.dll+0x148840]
V  [jvm.dll+0x148b26]
V  [jvm.dll+0x147f9a]
V  [jvm.dll+0x149c81]
V  [jvm.dll+0x23ec9a]
V  [jvm.dll+0x23cf85]
V  [jvm.dll+0x7a6e21]
V  [jvm.dll+0x7a125a]
V  [jvm.dll+0x698275]
C  [ucrtbase.dll+0x29363]
C  [KERNEL32.DLL+0x126bd]
C  [ntdll.dll+0x5a9f8]


---------------  P R O C E S S  ---------------

Threads class SMR info:
_java_thread_list=0x000001e6bd4dd1c0, length=13, elements={
0x000001e69b3fd520, 0x000001e6b8fe24f0, 0x000001e6b8fe4ea0, 0x000001e6b9000c20,
0x000001e6b90015c0, 0x000001e6b9001f60, 0x000001e6b9007100, 0x000001e6b9003840,
0x000001e6b900b3c0, 0x000001e6b900fdb0, 0x000001e6b909e610, 0x000001e6bd4d9de0,
0x000001e6bd8099b0
}

Java Threads: ( => current thread )
  0x000001e69b3fd520 JavaThread "main" [_thread_in_vm, id=22348, stack(0x0000002fb4500000,0x0000002fb4600000)]
  0x000001e6b8fe24f0 JavaThread "Reference Handler" daemon [_thread_blocked, id=23316, stack(0x0000002fb4c00000,0x0000002fb4d00000)]
  0x000001e6b8fe4ea0 JavaThread "Finalizer" daemon [_thread_blocked, id=26956, stack(0x0000002fb4d00000,0x0000002fb4e00000)]
  0x000001e6b9000c20 JavaThread "Signal Dispatcher" daemon [_thread_blocked, id=26120, stack(0x0000002fb4e00000,0x0000002fb4f00000)]
  0x000001e6b90015c0 JavaThread "Attach Listener" daemon [_thread_blocked, id=28372, stack(0x0000002fb4f00000,0x0000002fb5000000)]
  0x000001e6b9001f60 JavaThread "Service Thread" daemon [_thread_blocked, id=23784, stack(0x0000002fb5000000,0x0000002fb5100000)]
  0x000001e6b9007100 JavaThread "Monitor Deflation Thread" daemon [_thread_blocked, id=22196, stack(0x0000002fb5100000,0x0000002fb5200000)]
  0x000001e6b9003840 JavaThread "C2 CompilerThread0" daemon [_thread_blocked, id=5824, stack(0x0000002fb5200000,0x0000002fb5300000)]
=>0x000001e6b900b3c0 JavaThread "C1 CompilerThread0" daemon [_thread_in_vm, id=24664, stack(0x0000002fb5300000,0x0000002fb5400000)]
  0x000001e6b900fdb0 JavaThread "Sweeper thread" daemon [_thread_blocked, id=22272, stack(0x0000002fb5400000,0x0000002fb5500000)]
  0x000001e6b909e610 JavaThread "Common-Cleaner" daemon [_thread_blocked, id=26336, stack(0x0000002fb5500000,0x0000002fb5600000)]
  0x000001e6bd4d9de0 JavaThread "Notification Thread" daemon [_thread_blocked, id=3324, stack(0x0000002fb5600000,0x0000002fb5700000)]
  0x000001e6bd8099b0 JavaThread "C2 CompilerThread1" daemon [_thread_blocked, id=24752, stack(0x0000002fb5800000,0x0000002fb5900000)]

Other Threads:
  0x000001e69b473f60 VMThread "VM Thread" [stack: 0x0000002fb4b00000,0x0000002fb4c00000] [id=22676]
  0x000001e6bd4b9620 WatcherThread "VM Periodic Task Thread" [stack: 0x0000002fb5700000,0x0000002fb5800000] [id=8176]
  0x000001e69b459020 WorkerThread "GC Thread#0" [stack: 0x0000002fb4600000,0x0000002fb4700000] [id=15956]
  0x000001e69b468b30 ConcurrentGCThread "G1 Main Marker" [stack: 0x0000002fb4700000,0x0000002fb4800000] [id=22868]
  0x000001e69b46c2e0 WorkerThread "G1 Conc#0" [stack: 0x0000002fb4800000,0x0000002fb4900000] [id=2912]
  0x000001e69b4b7190 ConcurrentGCThread "G1 Refine#0" [stack: 0x0000002fb4900000,0x0000002fb4a00000] [id=21816]
  0x000001e69b4b8950 ConcurrentGCThread "G1 Service" [stack: 0x0000002fb4a00000,0x0000002fb4b00000] [id=27528]

Threads with active compile tasks:
C1 CompilerThread0      119  242       3       java.lang.Class::getPackageName (81 bytes)

VM state: not at safepoint (normal execution)

VM Mutex/Monitor currently owned by a thread:  ([mutex/lock_event])
[0x000001e69920ba80] Metaspace_lock - owner thread: 0x000001e6b900b3c0
[0x000001e69b3f8120] MethodData_lock - owner thread: 0x000001e6b900b3c0

Heap address: 0x000000008ac00000, size: 1876 MB, Compressed Oops mode: 32-bit

CDS archive(s) mapped at: [0x0000000800000000-0x0000000800ba0000-0x0000000800ba0000), size 12189696, SharedBaseAddress: 0x0000000800000000, ArchiveRelocationMode: 0.
Compressed class space mapped at: 0x0000000800c00000-0x0000000840c00000, reserved size: 1073741824
Narrow klass base: 0x0000000800000000, Narrow klass shift: 0, Narrow klass range: 0x100000000

GC Precious Log:
 CardTable entry size: 512
 Card Set container configuration: InlinePtr #cards 5 size 8 Array Of Cards #cards 12 size 40 Howl #buckets 4 coarsen threshold 1843 Howl Bitmap #cards 512 size 80 coarsen threshold 460 Card regions per heap region 1 cards per card region 2048
 CPUs: 8 total, 8 available
 Memory: 7502M
 Large Page Support: Disabled
 NUMA Support: Disabled
 Compressed Oops: Enabled (32-bit)
 Heap Region Size: 1M
 Heap Min Capacity: 8M
 Heap Initial Capacity: 118M
 Heap Max Capacity: 1876M
 Pre-touch: Disabled
 Parallel Workers: 8
 Concurrent Workers: 2
 Concurrent Refinement Workers: 8
 Periodic GC: Disabled

Heap:
 garbage-first heap   total 120832K, used 2048K [0x000000008ac00000, 0x0000000100000000)
  region size 1024K, 3 young (3072K), 0 survivors (0K)
 Metaspace       used 1274K, committed 1408K, reserved 1114112K
  class space    used 115K, committed 192K, reserved 1048576K

Heap Regions: E=young(eden), S=young(survivor), O=old, HS=humongous(starts), HC=humongous(continues), CS=collection set, F=free, OA=open archive, CA=closed archive, TAMS=top-at-mark-start (previous, next)
|   0|0x000000008ac00000, 0x000000008ac00000, 0x000000008ad00000|  0%| F|  |TAMS 0x000000008ac00000, 0x000000008ac00000| Untracked 
|   1|0x000000008ad00000, 0x000000008ad00000, 0x000000008ae00000|  0%| F|  |TAMS 0x000000008ad00000, 0x000000008ad00000| Untracked 
|   2|0x000000008ae00000, 0x000000008ae00000, 0x000000008af00000|  0%| F|  |TAMS 0x000000008ae00000, 0x000000008ae00000| Untracked 
|   3|0x000000008af00000, 0x000000008af00000, 0x000000008b000000|  0%| F|  |TAMS 0x000000008af00000, 0x000000008af00000| Untracked 
|   4|0x000000008b000000, 0x000000008b000000, 0x000000008b100000|  0%| F|  |TAMS 0x000000008b000000, 0x000000008b000000| Untracked 
|   5|0x000000008b100000, 0x000000008b100000, 0x000000008b200000|  0%| F|  |TAMS 0x000000008b100000, 0x000000008b100000| Untracked 
|   6|0x000000008b200000, 0x000000008b200000, 0x000000008b300000|  0%| F|  |TAMS 0x000000008b200000, 0x000000008b200000| Untracked 
|   7|0x000000008b300000, 0x000000008b300000, 0x000000008b400000|  0%| F|  |TAMS 0x000000008b300000, 0x000000008b300000| Untracked 
|   8|0x000000008b400000, 0x000000008b400000, 0x000000008b500000|  0%| F|  |TAMS 0x000000008b400000, 0x000000008b400000| Untracked 
|   9|0x000000008b500000, 0x000000008b500000, 0x000000008b600000|  0%| F|  |TAMS 0x000000008b500000, 0x000000008b500000| Untracked 
|  10|0x000000008b600000, 0x000000008b600000, 0x000000008b700000|  0%| F|  |TAMS 0x000000008b600000, 0x000000008b600000| Untracked 
|  11|0x000000008b700000, 0x000000008b700000, 0x000000008b800000|  0%| F|  |TAMS 0x000000008b700000, 0x000000008b700000| Untracked 
|  12|0x000000008b800000, 0x000000008b800000, 0x000000008b900000|  0%| F|  |TAMS 0x000000008b800000, 0x000000008b800000| Untracked 
|  13|0x000000008b900000, 0x000000008b900000, 0x000000008ba00000|  0%| F|  |TAMS 0x000000008b900000, 0x000000008b900000| Untracked 
|  14|0x000000008ba00000, 0x000000008ba00000, 0x000000008bb00000|  0%| F|  |TAMS 0x000000008ba00000, 0x000000008ba00000| Untracked 
|  15|0x000000008bb00000, 0x000000008bb00000, 0x000000008bc00000|  0%| F|  |TAMS 0x000000008bb00000, 0x000000008bb00000| Untracked 
|  16|0x000000008bc00000, 0x000000008bc00000, 0x000000008bd00000|  0%| F|  |TAMS 0x000000008bc00000, 0x000000008bc00000| Untracked 
|  17|0x000000008bd00000, 0x000000008bd00000, 0x000000008be00000|  0%| F|  |TAMS 0x000000008bd00000, 0x000000008bd00000| Untracked 
|  18|0x000000008be00000, 0x000000008be00000, 0x000000008bf00000|  0%| F|  |TAMS 0x000000008be00000, 0x000000008be00000| Untracked 
|  19|0x000000008bf00000, 0x000000008bf00000, 0x000000008c000000|  0%| F|  |TAMS 0x000000008bf00000, 0x000000008bf00000| Untracked 
|  20|0x000000008c000000, 0x000000008c000000, 0x000000008c100000|  0%| F|  |TAMS 0x000000008c000000, 0x000000008c000000| Untracked 
|  21|0x000000008c100000, 0x000000008c100000, 0x000000008c200000|  0%| F|  |TAMS 0x000000008c100000, 0x000000008c100000| Untracked 
|  22|0x000000008c200000, 0x000000008c200000, 0x000000008c300000|  0%| F|  |TAMS 0x000000008c200000, 0x000000008c200000| Untracked 
|  23|0x000000008c300000, 0x000000008c300000, 0x000000008c400000|  0%| F|  |TAMS 0x000000008c300000, 0x000000008c300000| Untracked 
|  24|0x000000008c400000, 0x000000008c400000, 0x000000008c500000|  0%| F|  |TAMS 0x000000008c400000, 0x000000008c400000| Untracked 
|  25|0x000000008c500000, 0x000000008c500000, 0x000000008c600000|  0%| F|  |TAMS 0x000000008c500000, 0x000000008c500000| Untracked 
|  26|0x000000008c600000, 0x000000008c600000, 0x000000008c700000|  0%| F|  |TAMS 0x000000008c600000, 0x000000008c600000| Untracked 
|  27|0x000000008c700000, 0x000000008c700000, 0x000000008c800000|  0%| F|  |TAMS 0x000000008c700000, 0x000000008c700000| Untracked 
|  28|0x000000008c800000, 0x000000008c800000, 0x000000008c900000|  0%| F|  |TAMS 0x000000008c800000, 0x000000008c800000| Untracked 
|  29|0x000000008c900000, 0x000000008c900000, 0x000000008ca00000|  0%| F|  |TAMS 0x000000008c900000, 0x000000008c900000| Untracked 
|  30|0x000000008ca00000, 0x000000008ca00000, 0x000000008cb00000|  0%| F|  |TAMS 0x000000008ca00000, 0x000000008ca00000| Untracked 
|  31|0x000000008cb00000, 0x000000008cb00000, 0x000000008cc00000|  0%| F|  |TAMS 0x000000008cb00000, 0x000000008cb00000| Untracked 
|  32|0x000000008cc00000, 0x000000008cc00000, 0x000000008cd00000|  0%| F|  |TAMS 0x000000008cc00000, 0x000000008cc00000| Untracked 
|  33|0x000000008cd00000, 0x000000008cd00000, 0x000000008ce00000|  0%| F|  |TAMS 0x000000008cd00000, 0x000000008cd00000| Untracked 
|  34|0x000000008ce00000, 0x000000008ce00000, 0x000000008cf00000|  0%| F|  |TAMS 0x000000008ce00000, 0x000000008ce00000| Untracked 
|  35|0x000000008cf00000, 0x000000008cf00000, 0x000000008d000000|  0%| F|  |TAMS 0x000000008cf00000, 0x000000008cf00000| Untracked 
|  36|0x000000008d000000, 0x000000008d000000, 0x000000008d100000|  0%| F|  |TAMS 0x000000008d000000, 0x000000008d000000| Untracked 
|  37|0x000000008d100000, 0x000000008d100000, 0x000000008d200000|  0%| F|  |TAMS 0x000000008d100000, 0x000000008d100000| Untracked 
|  38|0x000000008d200000, 0x000000008d200000, 0x000000008d300000|  0%| F|  |TAMS 0x000000008d200000, 0x000000008d200000| Untracked 
|  39|0x000000008d300000, 0x000000008d300000, 0x000000008d400000|  0%| F|  |TAMS 0x000000008d300000, 0x000000008d300000| Untracked 
|  40|0x000000008d400000, 0x000000008d400000, 0x000000008d500000|  0%| F|  |TAMS 0x000000008d400000, 0x000000008d400000| Untracked 
|  41|0x000000008d500000, 0x000000008d500000, 0x000000008d600000|  0%| F|  |TAMS 0x000000008d500000, 0x000000008d500000| Untracked 
|  42|0x000000008d600000, 0x000000008d600000, 0x000000008d700000|  0%| F|  |TAMS 0x000000008d600000, 0x000000008d600000| Untracked 
|  43|0x000000008d700000, 0x000000008d700000, 0x000000008d800000|  0%| F|  |TAMS 0x000000008d700000, 0x000000008d700000| Untracked 
|  44|0x000000008d800000, 0x000000008d800000, 0x000000008d900000|  0%| F|  |TAMS 0x000000008d800000, 0x000000008d800000| Untracked 
|  45|0x000000008d900000, 0x000000008d900000, 0x000000008da00000|  0%| F|  |TAMS 0x000000008d900000, 0x000000008d900000| Untracked 
|  46|0x000000008da00000, 0x000000008da00000, 0x000000008db00000|  0%| F|  |TAMS 0x000000008da00000, 0x000000008da00000| Untracked 
|  47|0x000000008db00000, 0x000000008db00000, 0x000000008dc00000|  0%| F|  |TAMS 0x000000008db00000, 0x000000008db00000| Untracked 
|  48|0x000000008dc00000, 0x000000008dc00000, 0x000000008dd00000|  0%| F|  |TAMS 0x000000008dc00000, 0x000000008dc00000| Untracked 
|  49|0x000000008dd00000, 0x000000008dd00000, 0x000000008de00000|  0%| F|  |TAMS 0x000000008dd00000, 0x000000008dd00000| Untracked 
|  50|0x000000008de00000, 0x000000008de00000, 0x000000008df00000|  0%| F|  |TAMS 0x000000008de00000, 0x000000008de00000| Untracked 
|  51|0x000000008df00000, 0x000000008df00000, 0x000000008e000000|  0%| F|  |TAMS 0x000000008df00000, 0x000000008df00000| Untracked 
|  52|0x000000008e000000, 0x000000008e000000, 0x000000008e100000|  0%| F|  |TAMS 0x000000008e000000, 0x000000008e000000| Untracked 
|  53|0x000000008e100000, 0x000000008e100000, 0x000000008e200000|  0%| F|  |TAMS 0x000000008e100000, 0x000000008e100000| Untracked 
|  54|0x000000008e200000, 0x000000008e200000, 0x000000008e300000|  0%| F|  |TAMS 0x000000008e200000, 0x000000008e200000| Untracked 
|  55|0x000000008e300000, 0x000000008e300000, 0x000000008e400000|  0%| F|  |TAMS 0x000000008e300000, 0x000000008e300000| Untracked 
|  56|0x000000008e400000, 0x000000008e400000, 0x000000008e500000|  0%| F|  |TAMS 0x000000008e400000, 0x000000008e400000| Untracked 
|  57|0x000000008e500000, 0x000000008e500000, 0x000000008e600000|  0%| F|  |TAMS 0x000000008e500000, 0x000000008e500000| Untracked 
|  58|0x000000008e600000, 0x000000008e600000, 0x000000008e700000|  0%| F|  |TAMS 0x000000008e600000, 0x000000008e600000| Untracked 
|  59|0x000000008e700000, 0x000000008e700000, 0x000000008e800000|  0%| F|  |TAMS 0x000000008e700000, 0x000000008e700000| Untracked 
|  60|0x000000008e800000, 0x000000008e800000, 0x000000008e900000|  0%| F|  |TAMS 0x000000008e800000, 0x000000008e800000| Untracked 
|  61|0x000000008e900000, 0x000000008e900000, 0x000000008ea00000|  0%| F|  |TAMS 0x000000008e900000, 0x000000008e900000| Untracked 
|  62|0x000000008ea00000, 0x000000008ea00000, 0x000000008eb00000|  0%| F|  |TAMS 0x000000008ea00000, 0x000000008ea00000| Untracked 
|  63|0x000000008eb00000, 0x000000008eb00000, 0x000000008ec00000|  0%| F|  |TAMS 0x000000008eb00000, 0x000000008eb00000| Untracked 
|  64|0x000000008ec00000, 0x000000008ec00000, 0x000000008ed00000|  0%| F|  |TAMS 0x000000008ec00000, 0x000000008ec00000| Untracked 
|  65|0x000000008ed00000, 0x000000008ed00000, 0x000000008ee00000|  0%| F|  |TAMS 0x000000008ed00000, 0x000000008ed00000| Untracked 
|  66|0x000000008ee00000, 0x000000008ee00000, 0x000000008ef00000|  0%| F|  |TAMS 0x000000008ee00000, 0x000000008ee00000| Untracked 
|  67|0x000000008ef00000, 0x000000008ef00000, 0x000000008f000000|  0%| F|  |TAMS 0x000000008ef00000, 0x000000008ef00000| Untracked 
|  68|0x000000008f000000, 0x000000008f000000, 0x000000008f100000|  0%| F|  |TAMS 0x000000008f000000, 0x000000008f000000| Untracked 
|  69|0x000000008f100000, 0x000000008f100000, 0x000000008f200000|  0%| F|  |TAMS 0x000000008f100000, 0x000000008f100000| Untracked 
|  70|0x000000008f200000, 0x000000008f200000, 0x000000008f300000|  0%| F|  |TAMS 0x000000008f200000, 0x000000008f200000| Untracked 
|  71|0x000000008f300000, 0x000000008f300000, 0x000000008f400000|  0%| F|  |TAMS 0x000000008f300000, 0x000000008f300000| Untracked 
|  72|0x000000008f400000, 0x000000008f400000, 0x000000008f500000|  0%| F|  |TAMS 0x000000008f400000, 0x000000008f400000| Untracked 
|  73|0x000000008f500000, 0x000000008f500000, 0x000000008f600000|  0%| F|  |TAMS 0x000000008f500000, 0x000000008f500000| Untracked 
|  74|0x000000008f600000, 0x000000008f600000, 0x000000008f700000|  0%| F|  |TAMS 0x000000008f600000, 0x000000008f600000| Untracked 
|  75|0x000000008f700000, 0x000000008f700000, 0x000000008f800000|  0%| F|  |TAMS 0x000000008f700000, 0x000000008f700000| Untracked 
|  76|0x000000008f800000, 0x000000008f800000, 0x000000008f900000|  0%| F|  |TAMS 0x000000008f800000, 0x000000008f800000| Untracked 
|  77|0x000000008f900000, 0x000000008f900000, 0x000000008fa00000|  0%| F|  |TAMS 0x000000008f900000, 0x000000008f900000| Untracked 
|  78|0x000000008fa00000, 0x000000008fa00000, 0x000000008fb00000|  0%| F|  |TAMS 0x000000008fa00000, 0x000000008fa00000| Untracked 
|  79|0x000000008fb00000, 0x000000008fb00000, 0x000000008fc00000|  0%| F|  |TAMS 0x000000008fb00000, 0x000000008fb00000| Untracked 
|  80|0x000000008fc00000, 0x000000008fc00000, 0x000000008fd00000|  0%| F|  |TAMS 0x000000008fc00000, 0x000000008fc00000| Untracked 
|  81|0x000000008fd00000, 0x000000008fd00000, 0x000000008fe00000|  0%| F|  |TAMS 0x000000008fd00000, 0x000000008fd00000| Untracked 
|  82|0x000000008fe00000, 0x000000008fe00000, 0x000000008ff00000|  0%| F|  |TAMS 0x000000008fe00000, 0x000000008fe00000| Untracked 
|  83|0x000000008ff00000, 0x000000008ff00000, 0x0000000090000000|  0%| F|  |TAMS 0x000000008ff00000, 0x000000008ff00000| Untracked 
|  84|0x0000000090000000, 0x0000000090000000, 0x0000000090100000|  0%| F|  |TAMS 0x0000000090000000, 0x0000000090000000| Untracked 
|  85|0x0000000090100000, 0x0000000090100000, 0x0000000090200000|  0%| F|  |TAMS 0x0000000090100000, 0x0000000090100000| Untracked 
|  86|0x0000000090200000, 0x0000000090200000, 0x0000000090300000|  0%| F|  |TAMS 0x0000000090200000, 0x0000000090200000| Untracked 
|  87|0x0000000090300000, 0x0000000090300000, 0x0000000090400000|  0%| F|  |TAMS 0x0000000090300000, 0x0000000090300000| Untracked 
|  88|0x0000000090400000, 0x0000000090400000, 0x0000000090500000|  0%| F|  |TAMS 0x0000000090400000, 0x0000000090400000| Untracked 
|  89|0x0000000090500000, 0x0000000090500000, 0x0000000090600000|  0%| F|  |TAMS 0x0000000090500000, 0x0000000090500000| Untracked 
|  90|0x0000000090600000, 0x0000000090600000, 0x0000000090700000|  0%| F|  |TAMS 0x0000000090600000, 0x0000000090600000| Untracked 
|  91|0x0000000090700000, 0x0000000090700000, 0x0000000090800000|  0%| F|  |TAMS 0x0000000090700000, 0x0000000090700000| Untracked 
|  92|0x0000000090800000, 0x0000000090800000, 0x0000000090900000|  0%| F|  |TAMS 0x0000000090800000, 0x0000000090800000| Untracked 
|  93|0x0000000090900000, 0x0000000090900000, 0x0000000090a00000|  0%| F|  |TAMS 0x0000000090900000, 0x0000000090900000| Untracked 
|  94|0x0000000090a00000, 0x0000000090a00000, 0x0000000090b00000|  0%| F|  |TAMS 0x0000000090a00000, 0x0000000090a00000| Untracked 
|  95|0x0000000090b00000, 0x0000000090b00000, 0x0000000090c00000|  0%| F|  |TAMS 0x0000000090b00000, 0x0000000090b00000| Untracked 
|  96|0x0000000090c00000, 0x0000000090c00000, 0x0000000090d00000|  0%| F|  |TAMS 0x0000000090c00000, 0x0000000090c00000| Untracked 
|  97|0x0000000090d00000, 0x0000000090d00000, 0x0000000090e00000|  0%| F|  |TAMS 0x0000000090d00000, 0x0000000090d00000| Untracked 
|  98|0x0000000090e00000, 0x0000000090e00000, 0x0000000090f00000|  0%| F|  |TAMS 0x0000000090e00000, 0x0000000090e00000| Untracked 
|  99|0x0000000090f00000, 0x0000000090f00000, 0x0000000091000000|  0%| F|  |TAMS 0x0000000090f00000, 0x0000000090f00000| Untracked 
| 100|0x0000000091000000, 0x0000000091000000, 0x0000000091100000|  0%| F|  |TAMS 0x0000000091000000, 0x0000000091000000| Untracked 
| 101|0x0000000091100000, 0x0000000091100000, 0x0000000091200000|  0%| F|  |TAMS 0x0000000091100000, 0x0000000091100000| Untracked 
| 102|0x0000000091200000, 0x0000000091200000, 0x0000000091300000|  0%| F|  |TAMS 0x0000000091200000, 0x0000000091200000| Untracked 
| 103|0x0000000091300000, 0x0000000091300000, 0x0000000091400000|  0%| F|  |TAMS 0x0000000091300000, 0x0000000091300000| Untracked 
| 104|0x0000000091400000, 0x0000000091400000, 0x0000000091500000|  0%| F|  |TAMS 0x0000000091400000, 0x0000000091400000| Untracked 
| 105|0x0000000091500000, 0x0000000091500000, 0x0000000091600000|  0%| F|  |TAMS 0x0000000091500000, 0x0000000091500000| Untracked 
| 106|0x0000000091600000, 0x0000000091600000, 0x0000000091700000|  0%| F|  |TAMS 0x0000000091600000, 0x0000000091600000| Untracked 
| 107|0x0000000091700000, 0x0000000091700000, 0x0000000091800000|  0%| F|  |TAMS 0x0000000091700000, 0x0000000091700000| Untracked 
| 108|0x0000000091800000, 0x0000000091800000, 0x0000000091900000|  0%| F|  |TAMS 0x0000000091800000, 0x0000000091800000| Untracked 
| 109|0x0000000091900000, 0x0000000091900000, 0x0000000091a00000|  0%| F|  |TAMS 0x0000000091900000, 0x0000000091900000| Untracked 
| 110|0x0000000091a00000, 0x0000000091a00000, 0x0000000091b00000|  0%| F|  |TAMS 0x0000000091a00000, 0x0000000091a00000| Untracked 
| 111|0x0000000091b00000, 0x0000000091b00000, 0x0000000091c00000|  0%| F|  |TAMS 0x0000000091b00000, 0x0000000091b00000| Untracked 
| 112|0x0000000091c00000, 0x0000000091c00000, 0x0000000091d00000|  0%| F|  |TAMS 0x0000000091c00000, 0x0000000091c00000| Untracked 
| 113|0x0000000091d00000, 0x0000000091d00000, 0x0000000091e00000|  0%| F|  |TAMS 0x0000000091d00000, 0x0000000091d00000| Untracked 
| 114|0x0000000091e00000, 0x0000000091e00000, 0x0000000091f00000|  0%| F|  |TAMS 0x0000000091e00000, 0x0000000091e00000| Untracked 
| 115|0x0000000091f00000, 0x0000000091f765d0, 0x0000000092000000| 46%| E|  |TAMS 0x0000000091f00000, 0x0000000091f00000| Complete 
| 116|0x0000000092000000, 0x0000000092100000, 0x0000000092100000|100%| E|CS|TAMS 0x0000000092000000, 0x0000000092000000| Complete 
| 117|0x0000000092100000, 0x0000000092200000, 0x0000000092200000|100%| E|CS|TAMS 0x0000000092100000, 0x0000000092100000| Complete 

Card table byte_map: [0x000001e6b2420000,0x000001e6b27d0000] _byte_map_base: 0x000001e6b1fca000

Marking Bits (Prev, Next): (CMBitMap*) 0x000001e69b459620, (CMBitMap*) 0x000001e69b459660
 Prev Bits: [0x000001e6b2b80000, 0x000001e6b48d0000)
 Next Bits: [0x000001e6b48d0000, 0x000001e6b6620000)

Polling page: 0x000001e699360000

Metaspace:

Usage:
  Non-class:      1.13 MB used.
      Class:    115.24 KB used.
       Both:      1.24 MB used.

Virtual space:
  Non-class space:       64.00 MB reserved,       1.19 MB (  2%) committed,  1 nodes.
      Class space:        1.00 GB reserved,     192.00 KB ( <1%) committed,  1 nodes.
             Both:        1.06 GB reserved,       1.38 MB ( <1%) committed. 

Chunk freelists:
   Non-Class:  3.99 MB
       Class:  3.74 MB
        Both:  7.73 MB

MaxMetaspaceSize: unlimited
CompressedClassSpaceSize: 1.00 GB
Initial GC threshold: 21.00 MB
Current GC threshold: 21.00 MB
CDS: on
MetaspaceReclaimPolicy: balanced
 - commit_granule_bytes: 65536.
 - commit_granule_words: 8192.
 - virtual_space_node_default_size: 8388608.
 - enlarge_chunks_in_place: 1.
 - new_chunks_are_fully_committed: 0.
 - uncommit_free_chunks: 1.
 - use_allocation_guard: 0.


Internal statistics:

num_allocs_failed_limit: 0.
num_arena_births: 8.
num_arena_deaths: 0.
num_vsnodes_births: 2.
num_vsnodes_deaths: 0.
num_space_committed: 22.
num_space_uncommitted: 0.
num_chunks_returned_to_freelist: 0.
num_chunks_taken_from_freelist: 10.
num_chunk_merges: 0.
num_chunk_splits: 5.
num_chunks_enlarged: 2.
num_inconsistent_stats: 0.

CodeHeap 'non-profiled nmethods': size=120000Kb used=78Kb max_used=78Kb free=119921Kb
 bounds [0x000001e6aa800000, 0x000001e6aaa70000, 0x000001e6b1d30000]
CodeHeap 'profiled nmethods': size=120000Kb used=265Kb max_used=265Kb free=119735Kb
 bounds [0x000001e6a32d0000, 0x000001e6a3540000, 0x000001e6aa800000]
CodeHeap 'non-nmethods': size=5760Kb used=1115Kb max_used=1126Kb free=4644Kb
 bounds [0x000001e6a2d30000, 0x000001e6a2fa0000, 0x000001e6a32d0000]
 total_blobs=624 nmethods=242 adapters=295
 compilation: enabled
              stopped_count=0, restarted_count=0
 full_count=0

Compilation events (20 events):
Event: 0.098 Thread 0x000001e6b900b3c0 nmethod 228 0x000001e6a330db90 code [0x000001e6a330de60, 0x000001e6a330f358]
Event: 0.098 Thread 0x000001e6b900b3c0  229       1       java.lang.Class::getModule (5 bytes)
Event: 0.098 Thread 0x000001e6b900b3c0 nmethod 229 0x000001e6aa812190 code [0x000001e6aa812320, 0x000001e6aa8123f8]
Event: 0.098 Thread 0x000001e6b900b3c0  230       1       java.lang.invoke.MethodHandles$Lookup::lookupClass (5 bytes)
Event: 0.098 Thread 0x000001e6b900b3c0 nmethod 230 0x000001e6aa812490 code [0x000001e6aa812620, 0x000001e6aa8126f8]
Event: 0.098 Thread 0x000001e6b900b3c0  232       3       java.lang.invoke.MemberName::testAllFlags (7 bytes)
Event: 0.099 Thread 0x000001e6b900b3c0 nmethod 232 0x000001e6a330f890 code [0x000001e6a330fa20, 0x000001e6a330fbf8]
Event: 0.099 Thread 0x000001e6b900b3c0  235       1       java.lang.invoke.MethodTypeForm::erasedType (5 bytes)
Event: 0.099 Thread 0x000001e6b900b3c0 nmethod 235 0x000001e6aa813090 code [0x000001e6aa813220, 0x000001e6aa8132f8]
Event: 0.099 Thread 0x000001e6b900b3c0  236       3       java.lang.StringLatin1::replace (198 bytes)
Event: 0.099 Thread 0x000001e6b900b3c0 nmethod 236 0x000001e6a330fc90 code [0x000001e6a330ff20, 0x000001e6a3310ca8]
Event: 0.099 Thread 0x000001e6b900b3c0  238       3       java.lang.StringBuilder::toString (35 bytes)
Event: 0.099 Thread 0x000001e6b900b3c0 nmethod 238 0x000001e6a3311190 code [0x000001e6a3311360, 0x000001e6a3311638]
Event: 0.099 Thread 0x000001e6b900b3c0  237       3       java.lang.AbstractStringBuilder::<init> (39 bytes)
Event: 0.100 Thread 0x000001e6b900b3c0 nmethod 237 0x000001e6a3311710 code [0x000001e6a33118c0, 0x000001e6a3311b58]
Event: 0.100 Thread 0x000001e6b900b3c0  239       3       jdk.internal.misc.Unsafe::putReferenceRelease (9 bytes)
Event: 0.100 Thread 0x000001e6b900b3c0 nmethod 239 0x000001e6a3311c10 code [0x000001e6a3311da0, 0x000001e6a3311ef8]
Event: 0.102 Thread 0x000001e6b900b3c0  241       3       java.util.concurrent.ConcurrentHashMap::setTabAt (20 bytes)
Event: 0.102 Thread 0x000001e6b900b3c0 nmethod 241 0x000001e6a3311f90 code [0x000001e6a3312140, 0x000001e6a3312368]
Event: 0.102 Thread 0x000001e6b900b3c0  242       3       java.lang.Class::getPackageName (81 bytes)

GC Heap History (0 events):
No events

Deoptimization events (0 events):
No events

Classes loaded (20 events):
Event: 0.094 Loading class java/net/SocketPermission
Event: 0.094 Loading class java/net/SocketPermission done
Event: 0.094 Loading class java/lang/reflect/ReflectPermission
Event: 0.094 Loading class java/lang/reflect/ReflectPermission done
Event: 0.097 Loading class sun/awt/resources/awt
Event: 0.097 Loading class sun/awt/resources/awt done
Event: 0.098 Loading class java/util/ResourceBundle$BundleReference
Event: 0.098 Loading class java/util/ResourceBundle$BundleReference done
Event: 0.098 Loading class sun/awt/resources/awt_en
Event: 0.098 Loading class sun/awt/resources/awt_en done
Event: 0.098 Loading class sun/awt/resources/awt_en
Event: 0.098 Loading class sun/awt/resources/awt_en done
Event: 0.099 Loading class sun/awt/resources/awt_en_IN
Event: 0.099 Loading class sun/awt/resources/awt_en_IN done
Event: 0.099 Loading class sun/awt/resources/awt_en_IN
Event: 0.099 Loading class sun/awt/resources/awt_en_IN done
Event: 0.099 Loading class java/awt/Toolkit$2
Event: 0.099 Loading class java/awt/Toolkit$2 done
Event: 0.102 Loading class java/awt/Toolkit$1
Event: 0.102 Loading class java/awt/Toolkit$1 done

Classes unloaded (0 events):
No events

Classes redefined (0 events):
No events

Internal exceptions (5 events):
Event: 0.062 Thread 0x000001e69b3fd520 Exception <a 'sun/nio/fs/WindowsException'{0x0000000092035e60}> (0x0000000092035e60) 
thrown [s\open\src\hotspot\share\prims\jni.cpp, line 516]
Event: 0.062 Thread 0x000001e69b3fd520 Exception <a 'sun/nio/fs/WindowsException'{0x0000000092036328}> (0x0000000092036328) 
thrown [s\open\src\hotspot\share\prims\jni.cpp, line 516]
Event: 0.063 Thread 0x000001e69b3fd520 Exception <a 'sun/nio/fs/WindowsException'{0x0000000092038390}> (0x0000000092038390) 
thrown [s\open\src\hotspot\share\prims\jni.cpp, line 516]
Event: 0.063 Thread 0x000001e69b3fd520 Exception <a 'sun/nio/fs/WindowsException'{0x0000000092038d70}> (0x0000000092038d70) 
thrown [s\open\src\hotspot\share\prims\jni.cpp, line 516]
Event: 0.094 Thread 0x000001e69b3fd520 Exception <a 'java/lang/ClassNotFoundException'{0x0000000091f01c98}: sun/awt/resources/spi/awtProvider> (0x0000000091f01c98) 
thrown [s\open\src\hotspot\share\classfile\systemDictionary.cpp, line 255]

VM Operations (2 events):
Event: 0.064 Executing VM operation: HandshakeAllThreads
Event: 0.064 Executing VM operation: HandshakeAllThreads done

Events (20 events):
Event: 0.010 Loaded shared library C:\Program Files\Java\jdk-18.0.2\bin\java.dll
Event: 0.019 Loaded shared library C:\Program Files\Java\jdk-18.0.2\bin\jsvml.dll
Event: 0.019 Thread 0x000001e69b3fd520 Thread added: 0x000001e69b3fd520
Event: 0.021 Thread 0x000001e6b8fe24f0 Thread added: 0x000001e6b8fe24f0
Event: 0.021 Thread 0x000001e6b8fe4ea0 Thread added: 0x000001e6b8fe4ea0
Event: 0.031 Thread 0x000001e6b9000c20 Thread added: 0x000001e6b9000c20
Event: 0.031 Thread 0x000001e6b90015c0 Thread added: 0x000001e6b90015c0
Event: 0.031 Thread 0x000001e6b9001f60 Thread added: 0x000001e6b9001f60
Event: 0.031 Thread 0x000001e6b9007100 Thread added: 0x000001e6b9007100
Event: 0.031 Thread 0x000001e6b9003840 Thread added: 0x000001e6b9003840
Event: 0.031 Thread 0x000001e6b900b3c0 Thread added: 0x000001e6b900b3c0
Event: 0.031 Thread 0x000001e6b900fdb0 Thread added: 0x000001e6b900fdb0
Event: 0.049 Thread 0x000001e6b909e610 Thread added: 0x000001e6b909e610
Event: 0.060 Loaded shared library C:\Program Files\Java\jdk-18.0.2\bin\net.dll
Event: 0.061 Loaded shared library C:\Program Files\Java\jdk-18.0.2\bin\nio.dll
Event: 0.073 Thread 0x000001e6bd4d9de0 Thread added: 0x000001e6bd4d9de0
Event: 0.077 Loaded shared library C:\Program Files\Java\jdk-18.0.2\bin\zip.dll
Event: 0.081 Thread 0x000001e6bd8099b0 Thread added: 0x000001e6bd8099b0
Event: 0.090 Loaded shared library C:\Program Files\Java\jdk-18.0.2\bin\jimage.dll
Event: 0.102 Loaded shared library C:\Program Files\Java\jdk-18.0.2\bin\awt.dll


Dynamic libraries:
0x00007ff6563c0000 - 0x00007ff6563d0000 	C:\Program Files\Java\jdk-18.0.2\bin\java.exe
0x00007ffc04230000 - 0x00007ffc04444000 	C:\WINDOWS\SYSTEM32\ntdll.dll
0x00007ffc02ca0000 - 0x00007ffc02d63000 	C:\WINDOWS\System32\KERNEL32.DLL
0x00007ffc01970000 - 0x00007ffc01d0c000 	C:\WINDOWS\System32\KERNELBASE.dll
0x00007ffc01e30000 - 0x00007ffc01f41000 	C:\WINDOWS\System32\ucrtbase.dll
0x00007ffbd41d0000 - 0x00007ffbd41ea000 	C:\Program Files\Java\jdk-18.0.2\bin\VCRUNTIME140.dll
0x00007ffbee3e0000 - 0x00007ffbee3f8000 	C:\Program Files\Java\jdk-18.0.2\bin\jli.dll
0x00007ffc03ec0000 - 0x00007ffc03f6e000 	C:\WINDOWS\System32\ADVAPI32.dll
0x00007ffc03b70000 - 0x00007ffc03c17000 	C:\WINDOWS\System32\msvcrt.dll
0x00007ffc02f20000 - 0x00007ffc02fc4000 	C:\WINDOWS\System32\sechost.dll
0x00007ffc02ae0000 - 0x00007ffc02bf5000 	C:\WINDOWS\System32\RPCRT4.dll
0x00007ffc03d10000 - 0x00007ffc03ebd000 	C:\WINDOWS\System32\USER32.dll
0x00007ffbeb0f0000 - 0x00007ffbeb37e000 	C:\WINDOWS\WinSxS\amd64_microsoft.windows.common-controls_6595b64144ccf1df_6.0.22621.608_none_a9444ca7c10bb01d\COMCTL32.dll
0x00007ffc01f50000 - 0x00007ffc01f76000 	C:\WINDOWS\System32\win32u.dll
0x00007ffc04000000 - 0x00007ffc04029000 	C:\WINDOWS\System32\GDI32.dll
0x00007ffc01d10000 - 0x00007ffc01e23000 	C:\WINDOWS\System32\gdi32full.dll
0x00007ffc01670000 - 0x00007ffc0170a000 	C:\WINDOWS\System32\msvcp_win.dll
0x00007ffbf7f20000 - 0x00007ffbf7f2a000 	C:\WINDOWS\SYSTEM32\VERSION.dll
0x00007ffc02a40000 - 0x00007ffc02a71000 	C:\WINDOWS\System32\IMM32.DLL
0x00007ffbe7ad0000 - 0x00007ffbe7adc000 	C:\Program Files\Java\jdk-18.0.2\bin\vcruntime140_1.dll
0x00007ffb901e0000 - 0x00007ffb9026d000 	C:\Program Files\Java\jdk-18.0.2\bin\msvcp140.dll
0x00007ffb90400000 - 0x00007ffb91011000 	C:\Program Files\Java\jdk-18.0.2\bin\server\jvm.dll
0x00007ffc02c00000 - 0x00007ffc02c08000 	C:\WINDOWS\System32\PSAPI.DLL
0x00007ffbf8540000 - 0x00007ffbf8574000 	C:\WINDOWS\SYSTEM32\WINMM.dll
0x00007ffbf8580000 - 0x00007ffbf8589000 	C:\WINDOWS\SYSTEM32\WSOCK32.dll
0x00007ffc02fd0000 - 0x00007ffc03041000 	C:\WINDOWS\System32\WS2_32.dll
0x00007ffc006c0000 - 0x00007ffc006d8000 	C:\WINDOWS\SYSTEM32\kernel.appcore.dll
0x00007ffbd9ca0000 - 0x00007ffbd9caa000 	C:\Program Files\Java\jdk-18.0.2\bin\jimage.dll
0x00007ffbeeba0000 - 0x00007ffbeedce000 	C:\WINDOWS\SYSTEM32\DBGHELP.DLL
0x00007ffc02640000 - 0x00007ffc029c9000 	C:\WINDOWS\System32\combase.dll
0x00007ffc03c20000 - 0x00007ffc03cf7000 	C:\WINDOWS\System32\OLEAUT32.dll
0x00007ffbe33d0000 - 0x00007ffbe3402000 	C:\WINDOWS\SYSTEM32\dbgcore.DLL
0x00007ffc018f0000 - 0x00007ffc0196b000 	C:\WINDOWS\System32\bcryptPrimitives.dll
0x00007ffb9cd60000 - 0x00007ffb9cd85000 	C:\Program Files\Java\jdk-18.0.2\bin\java.dll
0x00007ffb93960000 - 0x00007ffb93a36000 	C:\Program Files\Java\jdk-18.0.2\bin\jsvml.dll
0x00007ffc03180000 - 0x00007ffc03970000 	C:\WINDOWS\System32\SHELL32.dll
0x00007ffbff680000 - 0x00007ffbfff4e000 	C:\WINDOWS\SYSTEM32\windows.storage.dll
0x00007ffbff540000 - 0x00007ffbff67e000 	C:\WINDOWS\SYSTEM32\wintypes.dll
0x00007ffc03a70000 - 0x00007ffc03b61000 	C:\WINDOWS\System32\SHCORE.dll
0x00007ffc02c10000 - 0x00007ffc02c6e000 	C:\WINDOWS\System32\shlwapi.dll
0x00007ffc015a0000 - 0x00007ffc015c1000 	C:\WINDOWS\SYSTEM32\profapi.dll
0x00007ffb9f1f0000 - 0x00007ffb9f203000 	C:\Program Files\Java\jdk-18.0.2\bin\net.dll
0x00007ffbfb4c0000 - 0x00007ffbfb5ef000 	C:\WINDOWS\SYSTEM32\WINHTTP.dll
0x00007ffc00ba0000 - 0x00007ffc00c09000 	C:\WINDOWS\system32\mswsock.dll
0x00007ffb93940000 - 0x00007ffb93956000 	C:\Program Files\Java\jdk-18.0.2\bin\nio.dll
0x00007ffb93920000 - 0x00007ffb93938000 	C:\Program Files\Java\jdk-18.0.2\bin\zip.dll
0x00007ffb90270000 - 0x00007ffb903ff000 	C:\Program Files\Java\jdk-18.0.2\bin\awt.dll
0x00007ffbfe6c0000 - 0x00007ffbfe757000 	C:\WINDOWS\SYSTEM32\apphelp.dll

dbghelp: loaded successfully - version: 4.0.5 - missing functions: none
symbol engine: initialized successfully - sym options: 0x614 - pdb path: .;C:\Program Files\Java\jdk-18.0.2\bin;C:\WINDOWS\SYSTEM32;C:\WINDOWS\WinSxS\amd64_microsoft.windows.common-controls_6595b64144ccf1df_6.0.22621.608_none_a9444ca7c10bb01d;C:\Program Files\Java\jdk-18.0.2\bin\server

VM Arguments:
jvm_args: -Dfile.encoding=UTF-8 --module-path=D:\UMS\University Management System\build\classes 
java_command: university.management.system.ExaminationDetails
java_class_path (initial): C:\Users\Shoumik\Downloads\mysql-connector-java-8.0.28.jar;C:\Users\Shoumik\Downloads\jcalendar-tz-1.3.3-4.jar;C:\Users\Shoumik\Downloads\rs2xml.jar;D:\UMS\University Management System\build\classes
Launcher Type: SUN_STANDARD

[Global flags]
     intx CICompilerCount                          = 4                                         {product} {ergonomic}
     uint ConcGCThreads                            = 2                                         {product} {ergonomic}
     uint G1ConcRefinementThreads                  = 8                                         {product} {ergonomic}
   size_t G1HeapRegionSize                         = 1048576                                   {product} {ergonomic}
    uintx GCDrainStackTargetSize                   = 64                                        {product} {ergonomic}
   size_t InitialHeapSize                          = 123731968                                 {product} {ergonomic}
   size_t MarkStackSize                            = 4194304                                   {product} {ergonomic}
   size_t MaxHeapSize                              = 1967128576                                {product} {ergonomic}
   size_t MaxNewSize                               = 1179648000                                {product} {ergonomic}
   size_t MinHeapDeltaBytes                        = 1048576                                   {product} {ergonomic}
   size_t MinHeapSize                              = 8388608                                   {product} {ergonomic}
    uintx NonNMethodCodeHeapSize                   = 5839372                                {pd product} {ergonomic}
    uintx NonProfiledCodeHeapSize                  = 122909434                              {pd product} {ergonomic}
    uintx ProfiledCodeHeapSize                     = 122909434                              {pd product} {ergonomic}
    uintx ReservedCodeCacheSize                    = 251658240                              {pd product} {ergonomic}
     bool SegmentedCodeCache                       = true                                      {product} {ergonomic}
   size_t SoftMaxHeapSize                          = 1967128576                             {manageable} {ergonomic}
     bool UseCompressedClassPointers               = true                           {product lp64_product} {ergonomic}
     bool UseCompressedOops                        = true                           {product lp64_product} {ergonomic}
     bool UseG1GC                                  = true                                      {product} {ergonomic}
     bool UseLargePagesIndividualAllocation        = false                                  {pd product} {ergonomic}

Logging:
Log output configuration:
 #0: stdout all=warning uptime,level,tags foldmultilines=false
 #1: stderr all=off uptime,level,tags foldmultilines=false

Environment Variables:
JAVA_HOME=C:\Program Files (x86)\jdk-18_windows-x64_bin\jdk-18.0.2\jdk-18_windows-x64_bin
PATH=C:\Program Files\Python311\Scripts\;C:\Program Files\Python311\;C:\Program Files\Common Files\Oracle\Java\javapath;C:\ProgramData\Oracle\Java\javapath;C:\WINDOWS\system32;C:\WINDOWS;C:\WINDOWS\System32\Wbem;C:\WINDOWS\System32\WindowsPowerShell\v1.0\;C:\WINDOWS\System32\OpenSSH\;C:\Program Files (x86)\jdk-18_windows-x64_bin\jdk-18.0.2\bin;C:\Program Files\Java\jdk-18.0.2\bin;C:\MinGW\bin;C:\Program Files\MySQL\MySQL Server 8.0\bin;C:\Program Files\nodejs\;C:\ProgramData\chocolatey\bin;C:\Program Files\MySQL\MySQL Shell 8.0\bin\;C:\Users\Shoumik\AppData\Roaming\Python\Python311\Scripts;C:\Users\Shoumik\AppData\Roaming\npm;D:\Users\Shoumik\AppData\Local\Programs\Microsoft VS Code\bin;D:\Program Files\JetBrains\IntelliJ IDEA Community Edition 2022.3.3\bin;
USERNAME=Shoumik
OS=Windows_NT
PROCESSOR_IDENTIFIER=AMD64 Family 23 Model 104 Stepping 1, AuthenticAMD



---------------  S Y S T E M  ---------------

OS:
 Windows 11 , 64 bit Build 22621 (10.0.22621.1344)
OS uptime: 0 days 4:50 hours

CPU: total 8 (initial active 8) (8 cores per cpu, 2 threads per core) family 23 model 104 stepping 1 microcode 0x0, cx8, cmov, fxsr, ht, mmx, 3dnowpref, sse, sse2, sse3, ssse3, sse4a, sse4.1, sse4.2, popcnt, lzcnt, tsc, tscinvbit, avx, avx2, aes, clmul, bmi1, bmi2, adx, sha, fma, vzeroupper, clflush, clflushopt

Memory: 4k page, system-wide physical 7502M (580M free)
TotalPageFile size 30030M (AvailPageFile size 4M)
current process WorkingSet (physical memory assigned to process): 35M, peak: 35M
current process commit charge ("private bytes"): 201M, peak: 202M

vm_info: Java HotSpot(TM) 64-Bit Server VM (18.0.2+9-61) for windows-amd64 JRE (18.0.2+9-61), built on Jun  7 2022 13:09:01 by "mach5one" with MS VC++ 16.8 / 16.9 (VS2019)

END.
