#
# There is insufficient memory for the Java Runtime Environment to continue.
# Native memory allocation (malloc) failed to allocate 124896 bytes for Chunk::new
# Possible reasons:
#   The system is out of physical RAM or swap space
#   The process is running with CompressedOops enabled, and the Java Heap may be blocking the growth of the native heap
# Possible solutions:
#   Reduce memory load on the system
#   Increase physical memory or swap space
#   Check if swap backing store is full
#   Decrease Java heap size (-Xmx/-Xms)
#   Decrease number of Java threads
#   Decrease Java thread stack sizes (-Xss)
#   Set larger code cache with -XX:ReservedCodeCacheSize=
#   JVM is running with Unscaled Compressed Oops mode in which the Java heap is
#     placed in the first 4GB address space. The Java Heap base address is the
#     maximum limit for the native heap growth. Please use -XX:HeapBaseMinAddress
#     to set the Java Heap base and to place the Java Heap above 4GB virtual address.
# This output file may be truncated or incomplete.
#
#  Out of Memory Error (arena.cpp:184), pid=25668, tid=3180
#
# JRE version: Java(TM) SE Runtime Environment (18.0.2+9) (build 18.0.2+9-61)
# Java VM: Java HotSpot(TM) 64-Bit Server VM (18.0.2+9-61, mixed mode, sharing, tiered, compressed oops, compressed class ptrs, g1 gc, windows-amd64)
# No core dump will be written. Minidumps are not enabled by default on client versions of Windows
#

---------------  S U M M A R Y ------------

Command Line: -Dfile.encoding=UTF-8 --module-path=D:\UMS\University Management System\build\classes university.management.system.ExaminationDetails

Host: AMD Ryzen 3 5300U with Radeon Graphics         , 8 cores, 7G,  Windows 11 , 64 bit Build 22621 (10.0.22621.1344)
Time: Wed Mar 15 01:50:16 2023 India Standard Time elapsed time: 0.066025 seconds (0d 0h 0m 0s)

---------------  T H R E A D  ---------------

Current thread (0x00000287afbe3810):  JavaThread "C2 CompilerThread0" daemon [_thread_in_native, id=3180, stack(0x000000d46b400000,0x000000d46b500000)]


Current CompileTask:
C2:     66  149       4       java.util.HashMap::putVal (300 bytes)

Stack: [0x000000d46b400000,0x000000d46b500000]
Native frames: (J=compiled Java code, j=interpreted, Vv=VM code, C=native code)
V  [jvm.dll+0x6993ca]
V  [jvm.dll+0x7f481d]
V  [jvm.dll+0x7f612e]
V  [jvm.dll+0x7f67e3]
V  [jvm.dll+0x25cdaf]
V  [jvm.dll+0xb8c2f]
V  [jvm.dll+0xb8fa5]
V  [jvm.dll+0x2c7cbf]
V  [jvm.dll+0x5a0d8e]
V  [jvm.dll+0x2382e3]
V  [jvm.dll+0x2319a2]
V  [jvm.dll+0x22f21b]
V  [jvm.dll+0x1ba01c]
V  [jvm.dll+0x23ec9a]
V  [jvm.dll+0x23cf85]
V  [jvm.dll+0x7a6e21]
V  [jvm.dll+0x7a125a]
V  [jvm.dll+0x698275]
C  [ucrtbase.dll+0x29363]
C  [KERNEL32.DLL+0x126bd]
C  [ntdll.dll+0x5a9f8]


---------------  P R O C E S S  ---------------

Threads class SMR info:
_java_thread_list=0x00000287b40a1360, length=12, elements={
0x0000028791fd0000, 0x00000287afbc2df0, 0x00000287afbc36a0, 0x00000287afbdf210,
0x00000287afbe1ad0, 0x00000287afbe2380, 0x00000287afbe2c30, 0x00000287afbe3810,
0x00000287afbe4100, 0x00000287afbe7010, 0x00000287afbb2460, 0x00000287b41410a0
}

Java Threads: ( => current thread )
  0x0000028791fd0000 JavaThread "main" [_thread_in_vm, id=20744, stack(0x000000d46a700000,0x000000d46a800000)]
  0x00000287afbc2df0 JavaThread "Reference Handler" daemon [_thread_blocked, id=27264, stack(0x000000d46ae00000,0x000000d46af00000)]
  0x00000287afbc36a0 JavaThread "Finalizer" daemon [_thread_blocked, id=27112, stack(0x000000d46af00000,0x000000d46b000000)]
  0x00000287afbdf210 JavaThread "Signal Dispatcher" daemon [_thread_blocked, id=26368, stack(0x000000d46b000000,0x000000d46b100000)]
  0x00000287afbe1ad0 JavaThread "Attach Listener" daemon [_thread_blocked, id=26528, stack(0x000000d46b100000,0x000000d46b200000)]
  0x00000287afbe2380 JavaThread "Service Thread" daemon [_thread_blocked, id=13536, stack(0x000000d46b200000,0x000000d46b300000)]
  0x00000287afbe2c30 JavaThread "Monitor Deflation Thread" daemon [_thread_blocked, id=24048, stack(0x000000d46b300000,0x000000d46b400000)]
=>0x00000287afbe3810 JavaThread "C2 CompilerThread0" daemon [_thread_in_native, id=3180, stack(0x000000d46b400000,0x000000d46b500000)]
  0x00000287afbe4100 JavaThread "C1 CompilerThread0" daemon [_thread_in_native, id=11676, stack(0x000000d46b500000,0x000000d46b600000)]
  0x00000287afbe7010 JavaThread "Sweeper thread" daemon [_thread_blocked, id=22784, stack(0x000000d46b600000,0x000000d46b700000)]
  0x00000287afbb2460 JavaThread "Common-Cleaner" daemon [_thread_blocked, id=27888, stack(0x000000d46b700000,0x000000d46b800000)]
  0x00000287b41410a0 JavaThread "Notification Thread" daemon [_thread_blocked, id=20780, stack(0x000000d46b800000,0x000000d46b900000)]

Other Threads:
  0x0000028792041df0 VMThread "VM Thread" [stack: 0x000000d46ad00000,0x000000d46ae00000] [id=19628]
  0x00000287b4142570 WatcherThread "VM Periodic Task Thread" [stack: 0x000000d46b900000,0x000000d46ba00000] [id=23704]
  0x000002879202af00 WorkerThread "GC Thread#0" [stack: 0x000000d46a800000,0x000000d46a900000] [id=22540]
  0x000002879203a6c0 ConcurrentGCThread "G1 Main Marker" [stack: 0x000000d46a900000,0x000000d46aa00000] [id=27852]
  0x000002879203b020 WorkerThread "G1 Conc#0" [stack: 0x000000d46aa00000,0x000000d46ab00000] [id=22024]
  0x0000028792086200 ConcurrentGCThread "G1 Refine#0" [stack: 0x000000d46ab00000,0x000000d46ac00000] [id=11732]
  0x0000028792087a30 ConcurrentGCThread "G1 Service" [stack: 0x000000d46ac00000,0x000000d46ad00000] [id=23204]

Threads with active compile tasks:
C2 CompilerThread0       77  149       4       java.util.HashMap::putVal (300 bytes)
C1 CompilerThread0       77  189   !   3       java.util.zip.ZipFile$Source::checkAndAddEntry (209 bytes)

VM state: not at safepoint (normal execution)

VM Mutex/Monitor currently owned by a thread: None

Heap address: 0x000000008ac00000, size: 1876 MB, Compressed Oops mode: 32-bit

CDS archive(s) mapped at: [0x0000000800000000-0x0000000800ba0000-0x0000000800ba0000), size 12189696, SharedBaseAddress: 0x0000000800000000, ArchiveRelocationMode: 0.
Compressed class space mapped at: 0x0000000800c00000-0x0000000840c00000, reserved size: 1073741824
Narrow klass base: 0x0000000800000000, Narrow klass shift: 0, Narrow klass range: 0x100000000

GC Precious Log:
 CardTable entry size: 512
 Card Set container configuration: InlinePtr #cards 5 size 8 Array Of Cards #cards 12 size 40 Howl #buckets 4 coarsen threshold 1843 Howl Bitmap #cards 512 size 80 coarsen threshold 460 Card regions per heap region 1 cards per card region 2048
 CPUs: 8 total, 8 available
 Memory: 7502M
 Large Page Support: Disabled
 NUMA Support: Disabled
 Compressed Oops: Enabled (32-bit)
 Heap Region Size: 1M
 Heap Min Capacity: 8M
 Heap Initial Capacity: 118M
 Heap Max Capacity: 1876M
 Pre-touch: Disabled
 Parallel Workers: 8
 Concurrent Workers: 2
 Concurrent Refinement Workers: 8
 Periodic GC: Disabled

Heap:
 garbage-first heap   total 120832K, used 1024K [0x000000008ac00000, 0x0000000100000000)
  region size 1024K, 2 young (2048K), 0 survivors (0K)
 Metaspace       used 464K, committed 640K, reserved 1114112K
  class space    used 26K, committed 128K, reserved 1048576K

Heap Regions: E=young(eden), S=young(survivor), O=old, HS=humongous(starts), HC=humongous(continues), CS=collection set, F=free, OA=open archive, CA=closed archive, TAMS=top-at-mark-start (previous, next)
|   0|0x000000008ac00000, 0x000000008ac00000, 0x000000008ad00000|  0%| F|  |TAMS 0x000000008ac00000, 0x000000008ac00000| Untracked 
|   1|0x000000008ad00000, 0x000000008ad00000, 0x000000008ae00000|  0%| F|  |TAMS 0x000000008ad00000, 0x000000008ad00000| Untracked 
|   2|0x000000008ae00000, 0x000000008ae00000, 0x000000008af00000|  0%| F|  |TAMS 0x000000008ae00000, 0x000000008ae00000| Untracked 
|   3|0x000000008af00000, 0x000000008af00000, 0x000000008b000000|  0%| F|  |TAMS 0x000000008af00000, 0x000000008af00000| Untracked 
|   4|0x000000008b000000, 0x000000008b000000, 0x000000008b100000|  0%| F|  |TAMS 0x000000008b000000, 0x000000008b000000| Untracked 
|   5|0x000000008b100000, 0x000000008b100000, 0x000000008b200000|  0%| F|  |TAMS 0x000000008b100000, 0x000000008b100000| Untracked 
|   6|0x000000008b200000, 0x000000008b200000, 0x000000008b300000|  0%| F|  |TAMS 0x000000008b200000, 0x000000008b200000| Untracked 
|   7|0x000000008b300000, 0x000000008b300000, 0x000000008b400000|  0%| F|  |TAMS 0x000000008b300000, 0x000000008b300000| Untracked 
|   8|0x000000008b400000, 0x000000008b400000, 0x000000008b500000|  0%| F|  |TAMS 0x000000008b400000, 0x000000008b400000| Untracked 
|   9|0x000000008b500000, 0x000000008b500000, 0x000000008b600000|  0%| F|  |TAMS 0x000000008b500000, 0x000000008b500000| Untracked 
|  10|0x000000008b600000, 0x000000008b600000, 0x000000008b700000|  0%| F|  |TAMS 0x000000008b600000, 0x000000008b600000| Untracked 
|  11|0x000000008b700000, 0x000000008b700000, 0x000000008b800000|  0%| F|  |TAMS 0x000000008b700000, 0x000000008b700000| Untracked 
|  12|0x000000008b800000, 0x000000008b800000, 0x000000008b900000|  0%| F|  |TAMS 0x000000008b800000, 0x000000008b800000| Untracked 
|  13|0x000000008b900000, 0x000000008b900000, 0x000000008ba00000|  0%| F|  |TAMS 0x000000008b900000, 0x000000008b900000| Untracked 
|  14|0x000000008ba00000, 0x000000008ba00000, 0x000000008bb00000|  0%| F|  |TAMS 0x000000008ba00000, 0x000000008ba00000| Untracked 
|  15|0x000000008bb00000, 0x000000008bb00000, 0x000000008bc00000|  0%| F|  |TAMS 0x000000008bb00000, 0x000000008bb00000| Untracked 
|  16|0x000000008bc00000, 0x000000008bc00000, 0x000000008bd00000|  0%| F|  |TAMS 0x000000008bc00000, 0x000000008bc00000| Untracked 
|  17|0x000000008bd00000, 0x000000008bd00000, 0x000000008be00000|  0%| F|  |TAMS 0x000000008bd00000, 0x000000008bd00000| Untracked 
|  18|0x000000008be00000, 0x000000008be00000, 0x000000008bf00000|  0%| F|  |TAMS 0x000000008be00000, 0x000000008be00000| Untracked 
|  19|0x000000008bf00000, 0x000000008bf00000, 0x000000008c000000|  0%| F|  |TAMS 0x000000008bf00000, 0x000000008bf00000| Untracked 
|  20|0x000000008c000000, 0x000000008c000000, 0x000000008c100000|  0%| F|  |TAMS 0x000000008c000000, 0x000000008c000000| Untracked 
|  21|0x000000008c100000, 0x000000008c100000, 0x000000008c200000|  0%| F|  |TAMS 0x000000008c100000, 0x000000008c100000| Untracked 
|  22|0x000000008c200000, 0x000000008c200000, 0x000000008c300000|  0%| F|  |TAMS 0x000000008c200000, 0x000000008c200000| Untracked 
|  23|0x000000008c300000, 0x000000008c300000, 0x000000008c400000|  0%| F|  |TAMS 0x000000008c300000, 0x000000008c300000| Untracked 
|  24|0x000000008c400000, 0x000000008c400000, 0x000000008c500000|  0%| F|  |TAMS 0x000000008c400000, 0x000000008c400000| Untracked 
|  25|0x000000008c500000, 0x000000008c500000, 0x000000008c600000|  0%| F|  |TAMS 0x000000008c500000, 0x000000008c500000| Untracked 
|  26|0x000000008c600000, 0x000000008c600000, 0x000000008c700000|  0%| F|  |TAMS 0x000000008c600000, 0x000000008c600000| Untracked 
|  27|0x000000008c700000, 0x000000008c700000, 0x000000008c800000|  0%| F|  |TAMS 0x000000008c700000, 0x000000008c700000| Untracked 
|  28|0x000000008c800000, 0x000000008c800000, 0x000000008c900000|  0%| F|  |TAMS 0x000000008c800000, 0x000000008c800000| Untracked 
|  29|0x000000008c900000, 0x000000008c900000, 0x000000008ca00000|  0%| F|  |TAMS 0x000000008c900000, 0x000000008c900000| Untracked 
|  30|0x000000008ca00000, 0x000000008ca00000, 0x000000008cb00000|  0%| F|  |TAMS 0x000000008ca00000, 0x000000008ca00000| Untracked 
|  31|0x000000008cb00000, 0x000000008cb00000, 0x000000008cc00000|  0%| F|  |TAMS 0x000000008cb00000, 0x000000008cb00000| Untracked 
|  32|0x000000008cc00000, 0x000000008cc00000, 0x000000008cd00000|  0%| F|  |TAMS 0x000000008cc00000, 0x000000008cc00000| Untracked 
|  33|0x000000008cd00000, 0x000000008cd00000, 0x000000008ce00000|  0%| F|  |TAMS 0x000000008cd00000, 0x000000008cd00000| Untracked 
|  34|0x000000008ce00000, 0x000000008ce00000, 0x000000008cf00000|  0%| F|  |TAMS 0x000000008ce00000, 0x000000008ce00000| Untracked 
|  35|0x000000008cf00000, 0x000000008cf00000, 0x000000008d000000|  0%| F|  |TAMS 0x000000008cf00000, 0x000000008cf00000| Untracked 
|  36|0x000000008d000000, 0x000000008d000000, 0x000000008d100000|  0%| F|  |TAMS 0x000000008d000000, 0x000000008d000000| Untracked 
|  37|0x000000008d100000, 0x000000008d100000, 0x000000008d200000|  0%| F|  |TAMS 0x000000008d100000, 0x000000008d100000| Untracked 
|  38|0x000000008d200000, 0x000000008d200000, 0x000000008d300000|  0%| F|  |TAMS 0x000000008d200000, 0x000000008d200000| Untracked 
|  39|0x000000008d300000, 0x000000008d300000, 0x000000008d400000|  0%| F|  |TAMS 0x000000008d300000, 0x000000008d300000| Untracked 
|  40|0x000000008d400000, 0x000000008d400000, 0x000000008d500000|  0%| F|  |TAMS 0x000000008d400000, 0x000000008d400000| Untracked 
|  41|0x000000008d500000, 0x000000008d500000, 0x000000008d600000|  0%| F|  |TAMS 0x000000008d500000, 0x000000008d500000| Untracked 
|  42|0x000000008d600000, 0x000000008d600000, 0x000000008d700000|  0%| F|  |TAMS 0x000000008d600000, 0x000000008d600000| Untracked 
|  43|0x000000008d700000, 0x000000008d700000, 0x000000008d800000|  0%| F|  |TAMS 0x000000008d700000, 0x000000008d700000| Untracked 
|  44|0x000000008d800000, 0x000000008d800000, 0x000000008d900000|  0%| F|  |TAMS 0x000000008d800000, 0x000000008d800000| Untracked 
|  45|0x000000008d900000, 0x000000008d900000, 0x000000008da00000|  0%| F|  |TAMS 0x000000008d900000, 0x000000008d900000| Untracked 
|  46|0x000000008da00000, 0x000000008da00000, 0x000000008db00000|  0%| F|  |TAMS 0x000000008da00000, 0x000000008da00000| Untracked 
|  47|0x000000008db00000, 0x000000008db00000, 0x000000008dc00000|  0%| F|  |TAMS 0x000000008db00000, 0x000000008db00000| Untracked 
|  48|0x000000008dc00000, 0x000000008dc00000, 0x000000008dd00000|  0%| F|  |TAMS 0x000000008dc00000, 0x000000008dc00000| Untracked 
|  49|0x000000008dd00000, 0x000000008dd00000, 0x000000008de00000|  0%| F|  |TAMS 0x000000008dd00000, 0x000000008dd00000| Untracked 
|  50|0x000000008de00000, 0x000000008de00000, 0x000000008df00000|  0%| F|  |TAMS 0x000000008de00000, 0x000000008de00000| Untracked 
|  51|0x000000008df00000, 0x000000008df00000, 0x000000008e000000|  0%| F|  |TAMS 0x000000008df00000, 0x000000008df00000| Untracked 
|  52|0x000000008e000000, 0x000000008e000000, 0x000000008e100000|  0%| F|  |TAMS 0x000000008e000000, 0x000000008e000000| Untracked 
|  53|0x000000008e100000, 0x000000008e100000, 0x000000008e200000|  0%| F|  |TAMS 0x000000008e100000, 0x000000008e100000| Untracked 
|  54|0x000000008e200000, 0x000000008e200000, 0x000000008e300000|  0%| F|  |TAMS 0x000000008e200000, 0x000000008e200000| Untracked 
|  55|0x000000008e300000, 0x000000008e300000, 0x000000008e400000|  0%| F|  |TAMS 0x000000008e300000, 0x000000008e300000| Untracked 
|  56|0x000000008e400000, 0x000000008e400000, 0x000000008e500000|  0%| F|  |TAMS 0x000000008e400000, 0x000000008e400000| Untracked 
|  57|0x000000008e500000, 0x000000008e500000, 0x000000008e600000|  0%| F|  |TAMS 0x000000008e500000, 0x000000008e500000| Untracked 
|  58|0x000000008e600000, 0x000000008e600000, 0x000000008e700000|  0%| F|  |TAMS 0x000000008e600000, 0x000000008e600000| Untracked 
|  59|0x000000008e700000, 0x000000008e700000, 0x000000008e800000|  0%| F|  |TAMS 0x000000008e700000, 0x000000008e700000| Untracked 
|  60|0x000000008e800000, 0x000000008e800000, 0x000000008e900000|  0%| F|  |TAMS 0x000000008e800000, 0x000000008e800000| Untracked 
|  61|0x000000008e900000, 0x000000008e900000, 0x000000008ea00000|  0%| F|  |TAMS 0x000000008e900000, 0x000000008e900000| Untracked 
|  62|0x000000008ea00000, 0x000000008ea00000, 0x000000008eb00000|  0%| F|  |TAMS 0x000000008ea00000, 0x000000008ea00000| Untracked 
|  63|0x000000008eb00000, 0x000000008eb00000, 0x000000008ec00000|  0%| F|  |TAMS 0x000000008eb00000, 0x000000008eb00000| Untracked 
|  64|0x000000008ec00000, 0x000000008ec00000, 0x000000008ed00000|  0%| F|  |TAMS 0x000000008ec00000, 0x000000008ec00000| Untracked 
|  65|0x000000008ed00000, 0x000000008ed00000, 0x000000008ee00000|  0%| F|  |TAMS 0x000000008ed00000, 0x000000008ed00000| Untracked 
|  66|0x000000008ee00000, 0x000000008ee00000, 0x000000008ef00000|  0%| F|  |TAMS 0x000000008ee00000, 0x000000008ee00000| Untracked 
|  67|0x000000008ef00000, 0x000000008ef00000, 0x000000008f000000|  0%| F|  |TAMS 0x000000008ef00000, 0x000000008ef00000| Untracked 
|  68|0x000000008f000000, 0x000000008f000000, 0x000000008f100000|  0%| F|  |TAMS 0x000000008f000000, 0x000000008f000000| Untracked 
|  69|0x000000008f100000, 0x000000008f100000, 0x000000008f200000|  0%| F|  |TAMS 0x000000008f100000, 0x000000008f100000| Untracked 
|  70|0x000000008f200000, 0x000000008f200000, 0x000000008f300000|  0%| F|  |TAMS 0x000000008f200000, 0x000000008f200000| Untracked 
|  71|0x000000008f300000, 0x000000008f300000, 0x000000008f400000|  0%| F|  |TAMS 0x000000008f300000, 0x000000008f300000| Untracked 
|  72|0x000000008f400000, 0x000000008f400000, 0x000000008f500000|  0%| F|  |TAMS 0x000000008f400000, 0x000000008f400000| Untracked 
|  73|0x000000008f500000, 0x000000008f500000, 0x000000008f600000|  0%| F|  |TAMS 0x000000008f500000, 0x000000008f500000| Untracked 
|  74|0x000000008f600000, 0x000000008f600000, 0x000000008f700000|  0%| F|  |TAMS 0x000000008f600000, 0x000000008f600000| Untracked 
|  75|0x000000008f700000, 0x000000008f700000, 0x000000008f800000|  0%| F|  |TAMS 0x000000008f700000, 0x000000008f700000| Untracked 
|  76|0x000000008f800000, 0x000000008f800000, 0x000000008f900000|  0%| F|  |TAMS 0x000000008f800000, 0x000000008f800000| Untracked 
|  77|0x000000008f900000, 0x000000008f900000, 0x000000008fa00000|  0%| F|  |TAMS 0x000000008f900000, 0x000000008f900000| Untracked 
|  78|0x000000008fa00000, 0x000000008fa00000, 0x000000008fb00000|  0%| F|  |TAMS 0x000000008fa00000, 0x000000008fa00000| Untracked 
|  79|0x000000008fb00000, 0x000000008fb00000, 0x000000008fc00000|  0%| F|  |TAMS 0x000000008fb00000, 0x000000008fb00000| Untracked 
|  80|0x000000008fc00000, 0x000000008fc00000, 0x000000008fd00000|  0%| F|  |TAMS 0x000000008fc00000, 0x000000008fc00000| Untracked 
|  81|0x000000008fd00000, 0x000000008fd00000, 0x000000008fe00000|  0%| F|  |TAMS 0x000000008fd00000, 0x000000008fd00000| Untracked 
|  82|0x000000008fe00000, 0x000000008fe00000, 0x000000008ff00000|  0%| F|  |TAMS 0x000000008fe00000, 0x000000008fe00000| Untracked 
|  83|0x000000008ff00000, 0x000000008ff00000, 0x0000000090000000|  0%| F|  |TAMS 0x000000008ff00000, 0x000000008ff00000| Untracked 
|  84|0x0000000090000000, 0x0000000090000000, 0x0000000090100000|  0%| F|  |TAMS 0x0000000090000000, 0x0000000090000000| Untracked 
|  85|0x0000000090100000, 0x0000000090100000, 0x0000000090200000|  0%| F|  |TAMS 0x0000000090100000, 0x0000000090100000| Untracked 
|  86|0x0000000090200000, 0x0000000090200000, 0x0000000090300000|  0%| F|  |TAMS 0x0000000090200000, 0x0000000090200000| Untracked 
|  87|0x0000000090300000, 0x0000000090300000, 0x0000000090400000|  0%| F|  |TAMS 0x0000000090300000, 0x0000000090300000| Untracked 
|  88|0x0000000090400000, 0x0000000090400000, 0x0000000090500000|  0%| F|  |TAMS 0x0000000090400000, 0x0000000090400000| Untracked 
|  89|0x0000000090500000, 0x0000000090500000, 0x0000000090600000|  0%| F|  |TAMS 0x0000000090500000, 0x0000000090500000| Untracked 
|  90|0x0000000090600000, 0x0000000090600000, 0x0000000090700000|  0%| F|  |TAMS 0x0000000090600000, 0x0000000090600000| Untracked 
|  91|0x0000000090700000, 0x0000000090700000, 0x0000000090800000|  0%| F|  |TAMS 0x0000000090700000, 0x0000000090700000| Untracked 
|  92|0x0000000090800000, 0x0000000090800000, 0x0000000090900000|  0%| F|  |TAMS 0x0000000090800000, 0x0000000090800000| Untracked 
|  93|0x0000000090900000, 0x0000000090900000, 0x0000000090a00000|  0%| F|  |TAMS 0x0000000090900000, 0x0000000090900000| Untracked 
|  94|0x0000000090a00000, 0x0000000090a00000, 0x0000000090b00000|  0%| F|  |TAMS 0x0000000090a00000, 0x0000000090a00000| Untracked 
|  95|0x0000000090b00000, 0x0000000090b00000, 0x0000000090c00000|  0%| F|  |TAMS 0x0000000090b00000, 0x0000000090b00000| Untracked 
|  96|0x0000000090c00000, 0x0000000090c00000, 0x0000000090d00000|  0%| F|  |TAMS 0x0000000090c00000, 0x0000000090c00000| Untracked 
|  97|0x0000000090d00000, 0x0000000090d00000, 0x0000000090e00000|  0%| F|  |TAMS 0x0000000090d00000, 0x0000000090d00000| Untracked 
|  98|0x0000000090e00000, 0x0000000090e00000, 0x0000000090f00000|  0%| F|  |TAMS 0x0000000090e00000, 0x0000000090e00000| Untracked 
|  99|0x0000000090f00000, 0x0000000090f00000, 0x0000000091000000|  0%| F|  |TAMS 0x0000000090f00000, 0x0000000090f00000| Untracked 
| 100|0x0000000091000000, 0x0000000091000000, 0x0000000091100000|  0%| F|  |TAMS 0x0000000091000000, 0x0000000091000000| Untracked 
| 101|0x0000000091100000, 0x0000000091100000, 0x0000000091200000|  0%| F|  |TAMS 0x0000000091100000, 0x0000000091100000| Untracked 
| 102|0x0000000091200000, 0x0000000091200000, 0x0000000091300000|  0%| F|  |TAMS 0x0000000091200000, 0x0000000091200000| Untracked 
| 103|0x0000000091300000, 0x0000000091300000, 0x0000000091400000|  0%| F|  |TAMS 0x0000000091300000, 0x0000000091300000| Untracked 
| 104|0x0000000091400000, 0x0000000091400000, 0x0000000091500000|  0%| F|  |TAMS 0x0000000091400000, 0x0000000091400000| Untracked 
| 105|0x0000000091500000, 0x0000000091500000, 0x0000000091600000|  0%| F|  |TAMS 0x0000000091500000, 0x0000000091500000| Untracked 
| 106|0x0000000091600000, 0x0000000091600000, 0x0000000091700000|  0%| F|  |TAMS 0x0000000091600000, 0x0000000091600000| Untracked 
| 107|0x0000000091700000, 0x0000000091700000, 0x0000000091800000|  0%| F|  |TAMS 0x0000000091700000, 0x0000000091700000| Untracked 
| 108|0x0000000091800000, 0x0000000091800000, 0x0000000091900000|  0%| F|  |TAMS 0x0000000091800000, 0x0000000091800000| Untracked 
| 109|0x0000000091900000, 0x0000000091900000, 0x0000000091a00000|  0%| F|  |TAMS 0x0000000091900000, 0x0000000091900000| Untracked 
| 110|0x0000000091a00000, 0x0000000091a00000, 0x0000000091b00000|  0%| F|  |TAMS 0x0000000091a00000, 0x0000000091a00000| Untracked 
| 111|0x0000000091b00000, 0x0000000091b00000, 0x0000000091c00000|  0%| F|  |TAMS 0x0000000091b00000, 0x0000000091b00000| Untracked 
| 112|0x0000000091c00000, 0x0000000091c00000, 0x0000000091d00000|  0%| F|  |TAMS 0x0000000091c00000, 0x0000000091c00000| Untracked 
| 113|0x0000000091d00000, 0x0000000091d00000, 0x0000000091e00000|  0%| F|  |TAMS 0x0000000091d00000, 0x0000000091d00000| Untracked 
| 114|0x0000000091e00000, 0x0000000091e00000, 0x0000000091f00000|  0%| F|  |TAMS 0x0000000091e00000, 0x0000000091e00000| Untracked 
| 115|0x0000000091f00000, 0x0000000091f00000, 0x0000000092000000|  0%| F|  |TAMS 0x0000000091f00000, 0x0000000091f00000| Untracked 
| 116|0x0000000092000000, 0x0000000092100000, 0x0000000092100000|100%| E|  |TAMS 0x0000000092000000, 0x0000000092000000| Complete 
| 117|0x0000000092100000, 0x0000000092200000, 0x0000000092200000|100%| E|CS|TAMS 0x0000000092100000, 0x0000000092100000| Complete 

Card table byte_map: [0x00000287a9000000,0x00000287a93b0000] _byte_map_base: 0x00000287a8baa000

Marking Bits (Prev, Next): (CMBitMap*) 0x000002879202b310, (CMBitMap*) 0x000002879202b350
 Prev Bits: [0x00000287a9760000, 0x00000287ab4b0000)
 Next Bits: [0x00000287ab4b0000, 0x00000287ad200000)

Polling page: 0x000002878ff20000

Metaspace:

Usage:
  Non-class:    438.07 KB used.
      Class:     26.20 KB used.
       Both:    464.27 KB used.

Virtual space:
  Non-class space:       64.00 MB reserved,     512.00 KB ( <1%) committed,  1 nodes.
      Class space:        1.00 GB reserved,     128.00 KB ( <1%) committed,  1 nodes.
             Both:        1.06 GB reserved,     640.00 KB ( <1%) committed. 

Chunk freelists:
   Non-Class:  3.99 MB
       Class:  3.75 MB
        Both:  7.74 MB

MaxMetaspaceSize: unlimited
CompressedClassSpaceSize: 1.00 GB
Initial GC threshold: 21.00 MB
Current GC threshold: 21.00 MB
CDS: on
MetaspaceReclaimPolicy: balanced
 - commit_granule_bytes: 65536.
 - commit_granule_words: 8192.
 - virtual_space_node_default_size: 8388608.
 - enlarge_chunks_in_place: 1.
 - new_chunks_are_fully_committed: 0.
 - uncommit_free_chunks: 1.
 - use_allocation_guard: 0.


Internal statistics:

num_allocs_failed_limit: 0.
num_arena_births: 8.
num_arena_deaths: 0.
num_vsnodes_births: 2.
num_vsnodes_deaths: 0.
num_space_committed: 10.
num_space_uncommitted: 0.
num_chunks_returned_to_freelist: 0.
num_chunks_taken_from_freelist: 8.
num_chunk_merges: 0.
num_chunk_splits: 4.
num_chunks_enlarged: 2.
num_inconsistent_stats: 0.

CodeHeap 'non-profiled nmethods': size=120000Kb used=57Kb max_used=57Kb free=119942Kb
 bounds [0x00000287a13d0000, 0x00000287a1640000, 0x00000287a8900000]
CodeHeap 'profiled nmethods': size=120000Kb used=188Kb max_used=188Kb free=119811Kb
 bounds [0x0000028799ea0000, 0x000002879a110000, 0x00000287a13d0000]
CodeHeap 'non-nmethods': size=5760Kb used=1105Kb max_used=1111Kb free=4655Kb
 bounds [0x0000028799900000, 0x0000028799b70000, 0x0000028799ea0000]
 total_blobs=552 nmethods=184 adapters=281
 compilation: enabled
              stopped_count=0, restarted_count=0
 full_count=0

Compilation events (20 events):
Event: 0.064 Thread 0x00000287afbe4100 nmethod 165 0x0000028799ec8910 code [0x0000028799ec8b80, 0x0000028799ec9498]
Event: 0.064 Thread 0x00000287afbe4100  166       3       java.lang.StringBuilder::append (8 bytes)
Event: 0.064 Thread 0x00000287afbe4100 nmethod 166 0x0000028799ec9810 code [0x0000028799ec99a0, 0x0000028799ec9ae8]
Event: 0.064 Thread 0x00000287afbe4100  168       3       java.lang.AbstractStringBuilder::isLatin1 (19 bytes)
Event: 0.064 Thread 0x00000287afbe4100 nmethod 168 0x0000028799ec9b90 code [0x0000028799ec9d20, 0x0000028799ec9e98]
Event: 0.064 Thread 0x00000287afbe4100  167       3       java.util.Optional::ofNullable (19 bytes)
Event: 0.064 Thread 0x00000287afbe4100 nmethod 167 0x0000028799ec9f10 code [0x0000028799eca0c0, 0x0000028799eca378]
Event: 0.064 Thread 0x00000287afbe4100  170       3       java.util.AbstractMap::<init> (5 bytes)
Event: 0.064 Thread 0x00000287afbe4100 nmethod 170 0x0000028799eca490 code [0x0000028799eca620, 0x0000028799eca778]
Event: 0.064 Thread 0x00000287afbe4100  171       3       java.util.HashMap::<init> (11 bytes)
Event: 0.064 Thread 0x00000287afbe4100 nmethod 171 0x0000028799eca810 code [0x0000028799eca9c0, 0x0000028799ecab98]
Event: 0.064 Thread 0x00000287afbe4100  169       1       java.lang.module.ModuleDescriptor$Version::toString (5 bytes)
Event: 0.064 Thread 0x00000287afbe4100 nmethod 169 0x00000287a13dd390 code [0x00000287a13dd520, 0x00000287a13dd5f8]
Event: 0.064 Thread 0x00000287afbe4100  174       3       java.util.AbstractSet::<init> (5 bytes)
Event: 0.064 Thread 0x00000287afbe4100 nmethod 174 0x0000028799ecac90 code [0x0000028799ecae40, 0x0000028799ecaff8]
Event: 0.064 Thread 0x00000287afbe4100  172       3       java.util.ImmutableCollections$Set12::iterator (9 bytes)
Event: 0.064 Thread 0x00000287afbe4100 nmethod 172 0x0000028799ecb110 code [0x0000028799ecb2c0, 0x0000028799ecb5b8]
Event: 0.064 Thread 0x00000287afbe4100  173       3       java.util.ImmutableCollections$Set12$1::<init> (32 bytes)
Event: 0.064 Thread 0x00000287afbe4100 nmethod 173 0x0000028799ecb690 code [0x0000028799ecb840, 0x0000028799ecba78]
Event: 0.064 Thread 0x00000287afbe4100  175       3       java.util.HashSet::<init> (16 bytes)

GC Heap History (0 events):
No events

Deoptimization events (0 events):
No events

Classes loaded (20 events):
Event: 0.055 Loading class java/nio/file/NoSuchFileException
Event: 0.055 Loading class java/nio/file/FileSystemException
Event: 0.055 Loading class java/io/IOException
Event: 0.055 Loading class java/io/IOException done
Event: 0.055 Loading class java/nio/file/FileSystemException done
Event: 0.055 Loading class java/nio/file/NoSuchFileException done
Event: 0.055 Loading class java/nio/file/Files$AcceptAllFilter
Event: 0.055 Loading class java/nio/file/DirectoryStream$Filter
Event: 0.055 Loading class java/nio/file/DirectoryStream$Filter done
Event: 0.055 Loading class java/nio/file/Files$AcceptAllFilter done
Event: 0.055 Loading class sun/nio/fs/WindowsDirectoryStream$WindowsDirectoryIterator
Event: 0.055 Loading class sun/nio/fs/WindowsDirectoryStream$WindowsDirectoryIterator done
Event: 0.055 Loading class sun/nio/fs/WindowsPath$WindowsPathWithAttributes
Event: 0.055 Loading class sun/nio/fs/BasicFileAttributesHolder
Event: 0.055 Loading class sun/nio/fs/BasicFileAttributesHolder done
Event: 0.055 Loading class sun/nio/fs/WindowsPath$WindowsPathWithAttributes done
Event: 0.055 Loading class java/nio/file/attribute/FileAttribute
Event: 0.056 Loading class java/nio/file/attribute/FileAttribute done
Event: 0.056 Loading class sun/nio/fs/WindowsSecurityDescriptor
Event: 0.056 Loading class sun/nio/fs/WindowsSecurityDescriptor done

Classes unloaded (0 events):
No events

Classes redefined (0 events):
No events

Internal exceptions (4 events):
Event: 0.055 Thread 0x0000028791fd0000 Exception <a 'sun/nio/fs/WindowsException'{0x0000000092035e60}> (0x0000000092035e60) 
thrown [s\open\src\hotspot\share\prims\jni.cpp, line 516]
Event: 0.055 Thread 0x0000028791fd0000 Exception <a 'sun/nio/fs/WindowsException'{0x0000000092036328}> (0x0000000092036328) 
thrown [s\open\src\hotspot\share\prims\jni.cpp, line 516]
Event: 0.056 Thread 0x0000028791fd0000 Exception <a 'sun/nio/fs/WindowsException'{0x0000000092038390}> (0x0000000092038390) 
thrown [s\open\src\hotspot\share\prims\jni.cpp, line 516]
Event: 0.056 Thread 0x0000028791fd0000 Exception <a 'sun/nio/fs/WindowsException'{0x0000000092038d70}> (0x0000000092038d70) 
thrown [s\open\src\hotspot\share\prims\jni.cpp, line 516]

VM Operations (2 events):
Event: 0.057 Executing VM operation: HandshakeAllThreads
Event: 0.057 Executing VM operation: HandshakeAllThreads done

Events (15 events):
Event: 0.007 Loaded shared library C:\Program Files\Java\jdk-18.0.2\bin\java.dll
Event: 0.014 Loaded shared library C:\Program Files\Java\jdk-18.0.2\bin\jsvml.dll
Event: 0.014 Thread 0x0000028791fd0000 Thread added: 0x0000028791fd0000
Event: 0.015 Thread 0x00000287afbc2df0 Thread added: 0x00000287afbc2df0
Event: 0.016 Thread 0x00000287afbc36a0 Thread added: 0x00000287afbc36a0
Event: 0.024 Thread 0x00000287afbdf210 Thread added: 0x00000287afbdf210
Event: 0.024 Thread 0x00000287afbe1ad0 Thread added: 0x00000287afbe1ad0
Event: 0.024 Thread 0x00000287afbe2380 Thread added: 0x00000287afbe2380
Event: 0.024 Thread 0x00000287afbe2c30 Thread added: 0x00000287afbe2c30
Event: 0.024 Thread 0x00000287afbe3810 Thread added: 0x00000287afbe3810
Event: 0.024 Thread 0x00000287afbe4100 Thread added: 0x00000287afbe4100
Event: 0.024 Thread 0x00000287afbe7010 Thread added: 0x00000287afbe7010
Event: 0.042 Thread 0x00000287afbb2460 Thread added: 0x00000287afbb2460
Event: 0.052 Loaded shared library C:\Program Files\Java\jdk-18.0.2\bin\net.dll
Event: 0.054 Loaded shared library C:\Program Files\Java\jdk-18.0.2\bin\nio.dll


Dynamic libraries:
0x00007ff6563c0000 - 0x00007ff6563d0000 	C:\Program Files\Java\jdk-18.0.2\bin\java.exe
0x00007ffc04230000 - 0x00007ffc04444000 	C:\WINDOWS\SYSTEM32\ntdll.dll
0x00007ffc02ca0000 - 0x00007ffc02d63000 	C:\WINDOWS\System32\KERNEL32.DLL
0x00007ffc01970000 - 0x00007ffc01d0c000 	C:\WINDOWS\System32\KERNELBASE.dll
0x00007ffc01e30000 - 0x00007ffc01f41000 	C:\WINDOWS\System32\ucrtbase.dll
0x00007ffbd41d0000 - 0x00007ffbd41ea000 	C:\Program Files\Java\jdk-18.0.2\bin\VCRUNTIME140.dll
0x00007ffbee3e0000 - 0x00007ffbee3f8000 	C:\Program Files\Java\jdk-18.0.2\bin\jli.dll
0x00007ffc03ec0000 - 0x00007ffc03f6e000 	C:\WINDOWS\System32\ADVAPI32.dll
0x00007ffc03b70000 - 0x00007ffc03c17000 	C:\WINDOWS\System32\msvcrt.dll
0x00007ffc02f20000 - 0x00007ffc02fc4000 	C:\WINDOWS\System32\sechost.dll
0x00007ffc02ae0000 - 0x00007ffc02bf5000 	C:\WINDOWS\System32\RPCRT4.dll
0x00007ffc03d10000 - 0x00007ffc03ebd000 	C:\WINDOWS\System32\USER32.dll
0x00007ffc01f50000 - 0x00007ffc01f76000 	C:\WINDOWS\System32\win32u.dll
0x00007ffbeb0f0000 - 0x00007ffbeb37e000 	C:\WINDOWS\WinSxS\amd64_microsoft.windows.common-controls_6595b64144ccf1df_6.0.22621.608_none_a9444ca7c10bb01d\COMCTL32.dll
0x00007ffc04000000 - 0x00007ffc04029000 	C:\WINDOWS\System32\GDI32.dll
0x00007ffc01d10000 - 0x00007ffc01e23000 	C:\WINDOWS\System32\gdi32full.dll
0x00007ffc01670000 - 0x00007ffc0170a000 	C:\WINDOWS\System32\msvcp_win.dll
0x00007ffbf7f20000 - 0x00007ffbf7f2a000 	C:\WINDOWS\SYSTEM32\VERSION.dll
0x00007ffc02a40000 - 0x00007ffc02a71000 	C:\WINDOWS\System32\IMM32.DLL
0x00007ffbe7ad0000 - 0x00007ffbe7adc000 	C:\Program Files\Java\jdk-18.0.2\bin\vcruntime140_1.dll
0x00007ffb901e0000 - 0x00007ffb9026d000 	C:\Program Files\Java\jdk-18.0.2\bin\msvcp140.dll
0x00007ffb90400000 - 0x00007ffb91011000 	C:\Program Files\Java\jdk-18.0.2\bin\server\jvm.dll
0x00007ffc02c00000 - 0x00007ffc02c08000 	C:\WINDOWS\System32\PSAPI.DLL
0x00007ffbf8540000 - 0x00007ffbf8574000 	C:\WINDOWS\SYSTEM32\WINMM.dll
0x00007ffbf8580000 - 0x00007ffbf8589000 	C:\WINDOWS\SYSTEM32\WSOCK32.dll
0x00007ffc02fd0000 - 0x00007ffc03041000 	C:\WINDOWS\System32\WS2_32.dll
0x00007ffc006c0000 - 0x00007ffc006d8000 	C:\WINDOWS\SYSTEM32\kernel.appcore.dll
0x00007ffbd9ca0000 - 0x00007ffbd9caa000 	C:\Program Files\Java\jdk-18.0.2\bin\jimage.dll
0x00007ffbeeba0000 - 0x00007ffbeedce000 	C:\WINDOWS\SYSTEM32\DBGHELP.DLL
0x00007ffc02640000 - 0x00007ffc029c9000 	C:\WINDOWS\System32\combase.dll
0x00007ffc03c20000 - 0x00007ffc03cf7000 	C:\WINDOWS\System32\OLEAUT32.dll
0x00007ffbe33d0000 - 0x00007ffbe3402000 	C:\WINDOWS\SYSTEM32\dbgcore.DLL
0x00007ffc018f0000 - 0x00007ffc0196b000 	C:\WINDOWS\System32\bcryptPrimitives.dll
0x00007ffb9cd60000 - 0x00007ffb9cd85000 	C:\Program Files\Java\jdk-18.0.2\bin\java.dll
0x00007ffb93960000 - 0x00007ffb93a36000 	C:\Program Files\Java\jdk-18.0.2\bin\jsvml.dll
0x00007ffc03180000 - 0x00007ffc03970000 	C:\WINDOWS\System32\SHELL32.dll
0x00007ffbff680000 - 0x00007ffbfff4e000 	C:\WINDOWS\SYSTEM32\windows.storage.dll
0x00007ffbff540000 - 0x00007ffbff67e000 	C:\WINDOWS\SYSTEM32\wintypes.dll
0x00007ffc03a70000 - 0x00007ffc03b61000 	C:\WINDOWS\System32\SHCORE.dll
0x00007ffc02c10000 - 0x00007ffc02c6e000 	C:\WINDOWS\System32\shlwapi.dll
0x00007ffc015a0000 - 0x00007ffc015c1000 	C:\WINDOWS\SYSTEM32\profapi.dll
0x00007ffb9f1f0000 - 0x00007ffb9f203000 	C:\Program Files\Java\jdk-18.0.2\bin\net.dll
0x00007ffbfb4c0000 - 0x00007ffbfb5ef000 	C:\WINDOWS\SYSTEM32\WINHTTP.dll
0x00007ffc00ba0000 - 0x00007ffc00c09000 	C:\WINDOWS\system32\mswsock.dll
0x00007ffb93940000 - 0x00007ffb93956000 	C:\Program Files\Java\jdk-18.0.2\bin\nio.dll
0x00007ffb93920000 - 0x00007ffb93938000 	C:\Program Files\Java\jdk-18.0.2\bin\zip.dll

dbghelp: loaded successfully - version: 4.0.5 - missing functions: none
symbol engine: initialized successfully - sym options: 0x614 - pdb path: .;C:\Program Files\Java\jdk-18.0.2\bin;C:\WINDOWS\SYSTEM32;C:\WINDOWS\WinSxS\amd64_microsoft.windows.common-controls_6595b64144ccf1df_6.0.22621.608_none_a9444ca7c10bb01d;C:\Program Files\Java\jdk-18.0.2\bin\server

VM Arguments:
jvm_args: -Dfile.encoding=UTF-8 --module-path=D:\UMS\University Management System\build\classes 
java_command: university.management.system.ExaminationDetails
java_class_path (initial): C:\Users\Shoumik\Downloads\mysql-connector-java-8.0.28.jar;C:\Users\Shoumik\Downloads\jcalendar-tz-1.3.3-4.jar;C:\Users\Shoumik\Downloads\rs2xml.jar;D:\UMS\University Management System\build\classes
Launcher Type: SUN_STANDARD

[Global flags]
     intx CICompilerCount                          = 4                                         {product} {ergonomic}
     uint ConcGCThreads                            = 2                                         {product} {ergonomic}
     uint G1ConcRefinementThreads                  = 8                                         {product} {ergonomic}
   size_t G1HeapRegionSize                         = 1048576                                   {product} {ergonomic}
    uintx GCDrainStackTargetSize                   = 64                                        {product} {ergonomic}
   size_t InitialHeapSize                          = 123731968                                 {product} {ergonomic}
   size_t MarkStackSize                            = 4194304                                   {product} {ergonomic}
   size_t MaxHeapSize                              = 1967128576                                {product} {ergonomic}
   size_t MaxNewSize                               = 1179648000                                {product} {ergonomic}
   size_t MinHeapDeltaBytes                        = 1048576                                   {product} {ergonomic}
   size_t MinHeapSize                              = 8388608                                   {product} {ergonomic}
    uintx NonNMethodCodeHeapSize                   = 5839372                                {pd product} {ergonomic}
    uintx NonProfiledCodeHeapSize                  = 122909434                              {pd product} {ergonomic}
    uintx ProfiledCodeHeapSize                     = 122909434                              {pd product} {ergonomic}
    uintx ReservedCodeCacheSize                    = 251658240                              {pd product} {ergonomic}
     bool SegmentedCodeCache                       = true                                      {product} {ergonomic}
   size_t SoftMaxHeapSize                          = 1967128576                             {manageable} {ergonomic}
     bool UseCompressedClassPointers               = true                           {product lp64_product} {ergonomic}
     bool UseCompressedOops                        = true                           {product lp64_product} {ergonomic}
     bool UseG1GC                                  = true                                      {product} {ergonomic}
     bool UseLargePagesIndividualAllocation        = false                                  {pd product} {ergonomic}

Logging:
Log output configuration:
 #0: stdout all=warning uptime,level,tags foldmultilines=false
 #1: stderr all=off uptime,level,tags foldmultilines=false

Environment Variables:
JAVA_HOME=C:\Program Files (x86)\jdk-18_windows-x64_bin\jdk-18.0.2\jdk-18_windows-x64_bin
PATH=C:\Program Files\Python311\Scripts\;C:\Program Files\Python311\;C:\Program Files\Common Files\Oracle\Java\javapath;C:\ProgramData\Oracle\Java\javapath;C:\WINDOWS\system32;C:\WINDOWS;C:\WINDOWS\System32\Wbem;C:\WINDOWS\System32\WindowsPowerShell\v1.0\;C:\WINDOWS\System32\OpenSSH\;C:\Program Files (x86)\jdk-18_windows-x64_bin\jdk-18.0.2\bin;C:\Program Files\Java\jdk-18.0.2\bin;C:\MinGW\bin;C:\Program Files\MySQL\MySQL Server 8.0\bin;C:\Program Files\nodejs\;C:\ProgramData\chocolatey\bin;C:\Program Files\MySQL\MySQL Shell 8.0\bin\;C:\Users\Shoumik\AppData\Roaming\Python\Python311\Scripts;C:\Users\Shoumik\AppData\Roaming\npm;D:\Users\Shoumik\AppData\Local\Programs\Microsoft VS Code\bin;D:\Program Files\JetBrains\IntelliJ IDEA Community Edition 2022.3.3\bin;
USERNAME=Shoumik
OS=Windows_NT
PROCESSOR_IDENTIFIER=AMD64 Family 23 Model 104 Stepping 1, AuthenticAMD



---------------  S Y S T E M  ---------------

OS:
 Windows 11 , 64 bit Build 22621 (10.0.22621.1344)
OS uptime: 0 days 4:50 hours

CPU: total 8 (initial active 8) (8 cores per cpu, 2 threads per core) family 23 model 104 stepping 1 microcode 0x0, cx8, cmov, fxsr, ht, mmx, 3dnowpref, sse, sse2, sse3, ssse3, sse4a, sse4.1, sse4.2, popcnt, lzcnt, tsc, tscinvbit, avx, avx2, aes, clmul, bmi1, bmi2, adx, sha, fma, vzeroupper, clflush, clflushopt

Memory: 4k page, system-wide physical 7502M (584M free)
TotalPageFile size 30030M (AvailPageFile size 4M)
current process WorkingSet (physical memory assigned to process): 32M, peak: 32M
current process commit charge ("private bytes"): 200M, peak: 200M

vm_info: Java HotSpot(TM) 64-Bit Server VM (18.0.2+9-61) for windows-amd64 JRE (18.0.2+9-61), built on Jun  7 2022 13:09:01 by "mach5one" with MS VC++ 16.8 / 16.9 (VS2019)

END.
