#
# There is insufficient memory for the Java Runtime Environment to continue.
# Native memory allocation (mmap) failed to map 123731968 bytes for G1 virtual space
# Possible reasons:
#   The system is out of physical RAM or swap space
#   The process is running with CompressedOops enabled, and the Java Heap may be blocking the growth of the native heap
# Possible solutions:
#   Reduce memory load on the system
#   Increase physical memory or swap space
#   Check if swap backing store is full
#   Decrease Java heap size (-Xmx/-Xms)
#   Decrease number of Java threads
#   Decrease Java thread stack sizes (-Xss)
#   Set larger code cache with -XX:ReservedCodeCacheSize=
#   JVM is running with Unscaled Compressed Oops mode in which the Java heap is
#     placed in the first 4GB address space. The Java Heap base address is the
#     maximum limit for the native heap growth. Please use -XX:HeapBaseMinAddress
#     to set the Java Heap base and to place the Java Heap above 4GB virtual address.
# This output file may be truncated or incomplete.
#
#  Out of Memory Error (os_windows.cpp:3530), pid=28180, tid=712
#
# JRE version:  (18.0.2+9) (build )
# Java VM: Java HotSpot(TM) 64-Bit Server VM (18.0.2+9-61, mixed mode, sharing, tiered, compressed oops, compressed class ptrs, g1 gc, windows-amd64)
# No core dump will be written. Minidumps are not enabled by default on client versions of Windows
#

---------------  S U M M A R Y ------------

Command Line: -Dfile.encoding=UTF-8 --module-path=D:\UMS\University Management System\build\classes university.management.system.ExaminationDetails

Host: AMD Ryzen 3 5300U with Radeon Graphics         , 8 cores, 7G,  Windows 11 , 64 bit Build 22621 (10.0.22621.1344)
Time: Wed Mar 15 01:49:20 2023 India Standard Time elapsed time: 0.013828 seconds (0d 0h 0m 0s)

---------------  T H R E A D  ---------------

Current thread (0x00000230ffb9ee80):  JavaThread "Unknown thread" [_thread_in_vm, id=712, stack(0x0000008880e00000,0x0000008880f00000)]

Stack: [0x0000008880e00000,0x0000008880f00000]
Native frames: (J=compiled Java code, j=interpreted, Vv=VM code, C=native code)
V  [jvm.dll+0x6993ca]
V  [jvm.dll+0x7f481d]
V  [jvm.dll+0x7f612e]
V  [jvm.dll+0x7f67e3]
V  [jvm.dll+0x25cdaf]
V  [jvm.dll+0x696319]
V  [jvm.dll+0x68ae4a]
V  [jvm.dll+0x3223eb]
V  [jvm.dll+0x329dc6]
V  [jvm.dll+0x37eade]
V  [jvm.dll+0x37ed0f]
V  [jvm.dll+0x2fa16a]
V  [jvm.dll+0x2fb1cd]
V  [jvm.dll+0x7c3450]
V  [jvm.dll+0x38be61]
V  [jvm.dll+0x7a2073]
V  [jvm.dll+0x40dc3f]
V  [jvm.dll+0x40f611]
C  [jli.dll+0x526b]
C  [ucrtbase.dll+0x29363]
C  [KERNEL32.DLL+0x126bd]
C  [ntdll.dll+0x5a9f8]


---------------  P R O C E S S  ---------------

Threads class SMR info:
_java_thread_list=0x00007ffb90ede550, length=0, elements={
}

Java Threads: ( => current thread )

Other Threads:
  0x00000230ffbfc790 WorkerThread "GC Thread#0" [stack: 0x0000008880f00000,0x0000008881000000] [id=21580]
  0x00000230ffc0c0b0 ConcurrentGCThread "G1 Main Marker" [stack: 0x0000008881000000,0x0000008881100000] [id=27460]
  0x00000230ffc0d760 WorkerThread "G1 Conc#0" [stack: 0x0000008881100000,0x0000008881200000] [id=18480]

[error occurred during error reporting (printing all threads), id 0xc0000005, EXCEPTION_ACCESS_VIOLATION (0xc0000005) at pc=0x00007ffb9070a707]

VM state: not at safepoint (not fully initialized)

VM Mutex/Monitor currently owned by a thread:  ([mutex/lock_event])
[0x00000230ffb9a020] Heap_lock - owner thread: 0x00000230ffb9ee80

Heap address: 0x000000008ac00000, size: 1876 MB, Compressed Oops mode: 32-bit

CDS archive(s) mapped at: [0x0000000000000000-0x0000000000000000-0x0000000000000000), size 0, SharedBaseAddress: 0x0000000800000000, ArchiveRelocationMode: 0.
Narrow klass base: 0x0000000000000000, Narrow klass shift: 0, Narrow klass range: 0x0

GC Precious Log:
 CardTable entry size: 512
 Card Set container configuration: InlinePtr #cards 5 size 8 Array Of Cards #cards 12 size 40 Howl #buckets 4 coarsen threshold 1843 Howl Bitmap #cards 512 size 80 coarsen threshold 460 Card regions per heap region 1 cards per card region 2048

Heap:
 garbage-first heap   total 0K, used 0K [0x000000008ac00000, 0x0000000100000000)
  region size 1024K, 0 young (0K), 0 survivors (0K)

[error occurred during error reporting (printing heap information), id 0xc0000005, EXCEPTION_ACCESS_VIOLATION (0xc0000005) at pc=0x00007ffb90af1859]

GC Heap History (0 events):
No events

Deoptimization events (0 events):
No events

Classes loaded (0 events):
No events

Classes unloaded (0 events):
No events

Classes redefined (0 events):
No events

Internal exceptions (0 events):
No events

VM Operations (0 events):
No events

Events (1 events):
Event: 0.007 Loaded shared library C:\Program Files\Java\jdk-18.0.2\bin\java.dll


Dynamic libraries:
0x00007ff6563c0000 - 0x00007ff6563d0000 	C:\Program Files\Java\jdk-18.0.2\bin\java.exe
0x00007ffc04230000 - 0x00007ffc04444000 	C:\WINDOWS\SYSTEM32\ntdll.dll
0x00007ffc02ca0000 - 0x00007ffc02d63000 	C:\WINDOWS\System32\KERNEL32.DLL
0x00007ffc01970000 - 0x00007ffc01d0c000 	C:\WINDOWS\System32\KERNELBASE.dll
0x00007ffc01e30000 - 0x00007ffc01f41000 	C:\WINDOWS\System32\ucrtbase.dll
0x00007ffbd41d0000 - 0x00007ffbd41ea000 	C:\Program Files\Java\jdk-18.0.2\bin\VCRUNTIME140.dll
0x00007ffbee3e0000 - 0x00007ffbee3f8000 	C:\Program Files\Java\jdk-18.0.2\bin\jli.dll
0x00007ffc03ec0000 - 0x00007ffc03f6e000 	C:\WINDOWS\System32\ADVAPI32.dll
0x00007ffc03b70000 - 0x00007ffc03c17000 	C:\WINDOWS\System32\msvcrt.dll
0x00007ffc02f20000 - 0x00007ffc02fc4000 	C:\WINDOWS\System32\sechost.dll
0x00007ffc02ae0000 - 0x00007ffc02bf5000 	C:\WINDOWS\System32\RPCRT4.dll
0x00007ffc03d10000 - 0x00007ffc03ebd000 	C:\WINDOWS\System32\USER32.dll
0x00007ffbeb0f0000 - 0x00007ffbeb37e000 	C:\WINDOWS\WinSxS\amd64_microsoft.windows.common-controls_6595b64144ccf1df_6.0.22621.608_none_a9444ca7c10bb01d\COMCTL32.dll
0x00007ffc01f50000 - 0x00007ffc01f76000 	C:\WINDOWS\System32\win32u.dll
0x00007ffc04000000 - 0x00007ffc04029000 	C:\WINDOWS\System32\GDI32.dll
0x00007ffc01d10000 - 0x00007ffc01e23000 	C:\WINDOWS\System32\gdi32full.dll
0x00007ffc01670000 - 0x00007ffc0170a000 	C:\WINDOWS\System32\msvcp_win.dll
0x00007ffbf7f20000 - 0x00007ffbf7f2a000 	C:\WINDOWS\SYSTEM32\VERSION.dll
0x00007ffc02a40000 - 0x00007ffc02a71000 	C:\WINDOWS\System32\IMM32.DLL
0x00007ffbe7ad0000 - 0x00007ffbe7adc000 	C:\Program Files\Java\jdk-18.0.2\bin\vcruntime140_1.dll
0x00007ffb901e0000 - 0x00007ffb9026d000 	C:\Program Files\Java\jdk-18.0.2\bin\msvcp140.dll
0x00007ffb90400000 - 0x00007ffb91011000 	C:\Program Files\Java\jdk-18.0.2\bin\server\jvm.dll
0x00007ffc02c00000 - 0x00007ffc02c08000 	C:\WINDOWS\System32\PSAPI.DLL
0x00007ffbf8580000 - 0x00007ffbf8589000 	C:\WINDOWS\SYSTEM32\WSOCK32.dll
0x00007ffbf8540000 - 0x00007ffbf8574000 	C:\WINDOWS\SYSTEM32\WINMM.dll
0x00007ffc02fd0000 - 0x00007ffc03041000 	C:\WINDOWS\System32\WS2_32.dll
0x00007ffc006c0000 - 0x00007ffc006d8000 	C:\WINDOWS\SYSTEM32\kernel.appcore.dll
0x00007ffbd9ca0000 - 0x00007ffbd9caa000 	C:\Program Files\Java\jdk-18.0.2\bin\jimage.dll
0x00007ffbeeba0000 - 0x00007ffbeedce000 	C:\WINDOWS\SYSTEM32\DBGHELP.DLL
0x00007ffc02640000 - 0x00007ffc029c9000 	C:\WINDOWS\System32\combase.dll
0x00007ffc03c20000 - 0x00007ffc03cf7000 	C:\WINDOWS\System32\OLEAUT32.dll
0x00007ffbe33d0000 - 0x00007ffbe3402000 	C:\WINDOWS\SYSTEM32\dbgcore.DLL
0x00007ffc018f0000 - 0x00007ffc0196b000 	C:\WINDOWS\System32\bcryptPrimitives.dll
0x00007ffb9cd60000 - 0x00007ffb9cd85000 	C:\Program Files\Java\jdk-18.0.2\bin\java.dll

dbghelp: loaded successfully - version: 4.0.5 - missing functions: none
symbol engine: initialized successfully - sym options: 0x614 - pdb path: .;C:\Program Files\Java\jdk-18.0.2\bin;C:\WINDOWS\SYSTEM32;C:\WINDOWS\WinSxS\amd64_microsoft.windows.common-controls_6595b64144ccf1df_6.0.22621.608_none_a9444ca7c10bb01d;C:\Program Files\Java\jdk-18.0.2\bin\server

VM Arguments:
jvm_args: -Dfile.encoding=UTF-8 --module-path=D:\UMS\University Management System\build\classes 
java_command: university.management.system.ExaminationDetails
java_class_path (initial): C:\Users\Shoumik\Downloads\mysql-connector-java-8.0.28.jar;C:\Users\Shoumik\Downloads\jcalendar-tz-1.3.3-4.jar;C:\Users\Shoumik\Downloads\rs2xml.jar;D:\UMS\University Management System\build\classes
Launcher Type: SUN_STANDARD

[Global flags]
     intx CICompilerCount                          = 4                                         {product} {ergonomic}
     uint ConcGCThreads                            = 2                                         {product} {ergonomic}
     uint G1ConcRefinementThreads                  = 8                                         {product} {ergonomic}
   size_t G1HeapRegionSize                         = 1048576                                   {product} {ergonomic}
    uintx GCDrainStackTargetSize                   = 64                                        {product} {ergonomic}
   size_t InitialHeapSize                          = 123731968                                 {product} {ergonomic}
   size_t MarkStackSize                            = 4194304                                   {product} {ergonomic}
   size_t MaxHeapSize                              = 1967128576                                {product} {ergonomic}
   size_t MinHeapDeltaBytes                        = 1048576                                   {product} {ergonomic}
   size_t MinHeapSize                              = 8388608                                   {product} {ergonomic}
    uintx NonNMethodCodeHeapSize                   = 5839372                                {pd product} {ergonomic}
    uintx NonProfiledCodeHeapSize                  = 122909434                              {pd product} {ergonomic}
    uintx ProfiledCodeHeapSize                     = 122909434                              {pd product} {ergonomic}
    uintx ReservedCodeCacheSize                    = 251658240                              {pd product} {ergonomic}
     bool SegmentedCodeCache                       = true                                      {product} {ergonomic}
   size_t SoftMaxHeapSize                          = 1967128576                             {manageable} {ergonomic}
     bool UseCompressedClassPointers               = true                           {product lp64_product} {ergonomic}
     bool UseCompressedOops                        = true                           {product lp64_product} {ergonomic}
     bool UseG1GC                                  = true                                      {product} {ergonomic}
     bool UseLargePagesIndividualAllocation        = false                                  {pd product} {ergonomic}

Logging:
Log output configuration:
 #0: stdout all=warning uptime,level,tags foldmultilines=false
 #1: stderr all=off uptime,level,tags foldmultilines=false

Environment Variables:
JAVA_HOME=C:\Program Files (x86)\jdk-18_windows-x64_bin\jdk-18.0.2\jdk-18_windows-x64_bin
PATH=C:\Program Files\Python311\Scripts\;C:\Program Files\Python311\;C:\Program Files\Common Files\Oracle\Java\javapath;C:\ProgramData\Oracle\Java\javapath;C:\WINDOWS\system32;C:\WINDOWS;C:\WINDOWS\System32\Wbem;C:\WINDOWS\System32\WindowsPowerShell\v1.0\;C:\WINDOWS\System32\OpenSSH\;C:\Program Files (x86)\jdk-18_windows-x64_bin\jdk-18.0.2\bin;C:\Program Files\Java\jdk-18.0.2\bin;C:\MinGW\bin;C:\Program Files\MySQL\MySQL Server 8.0\bin;C:\Program Files\nodejs\;C:\ProgramData\chocolatey\bin;C:\Program Files\MySQL\MySQL Shell 8.0\bin\;C:\Users\Shoumik\AppData\Roaming\Python\Python311\Scripts;C:\Users\Shoumik\AppData\Roaming\npm;D:\Users\Shoumik\AppData\Local\Programs\Microsoft VS Code\bin;D:\Program Files\JetBrains\IntelliJ IDEA Community Edition 2022.3.3\bin;
USERNAME=Shoumik
OS=Windows_NT
PROCESSOR_IDENTIFIER=AMD64 Family 23 Model 104 Stepping 1, AuthenticAMD



---------------  S Y S T E M  ---------------

OS:
 Windows 11 , 64 bit Build 22621 (10.0.22621.1344)
OS uptime: 0 days 4:49 hours

CPU: total 8 (initial active 8) (8 cores per cpu, 2 threads per core) family 23 model 104 stepping 1 microcode 0x0, cx8, cmov, fxsr, ht, mmx, 3dnowpref, sse, sse2, sse3, ssse3, sse4a, sse4.1, sse4.2, popcnt, lzcnt, tsc, tscinvbit, avx, avx2, aes, clmul, bmi1, bmi2, adx, sha, fma, vzeroupper, clflush, clflushopt

Memory: 4k page, system-wide physical 7502M (210M free)
TotalPageFile size 30030M (AvailPageFile size 30M)
current process WorkingSet (physical memory assigned to process): 11M, peak: 11M
current process commit charge ("private bytes"): 60M, peak: 178M

vm_info: Java HotSpot(TM) 64-Bit Server VM (18.0.2+9-61) for windows-amd64 JRE (18.0.2+9-61), built on Jun  7 2022 13:09:01 by "mach5one" with MS VC++ 16.8 / 16.9 (VS2019)

END.
